------------------------------------------------------------------------------------------------------------------------

[2020-05-10 10:19:52 #1 store] 
Database 'C:\Users\Jokin\Desktop\Unibertsitatea\SI\upv.if.bets\src\main\resources\bets.temp' is opened by 11812@DESKTOP-6GOVKO2

[2020-05-10 10:19:52 #2 type] 
Type domain.Question is not enhanced.

[2020-05-10 10:19:52 #3 type] 
Type domain.Event is not enhanced.

[2020-05-10 10:19:52 #4 type] 
Type domain.User is not enhanced.

[2020-05-10 10:19:52 #5 type] 
Type domain.Kuota is not enhanced.

[2020-05-10 10:19:52 #6 type] 
Type domain.Admins is not enhanced.

[2020-05-10 10:19:52 #7 type] 
Type domain.Bet is not enhanced.

[2020-05-10 10:19:52 #8 type] 
Type domain.Mugimenduak is not enhanced.

------------------------------------------------------------------------------------------------------------------------

[2020-05-10 10:21:25 #1 store] 
Database 'C:\Users\Jokin\Desktop\Unibertsitatea\SI\upv.if.bets\src\main\resources\bets.temp' is opened by 1064@DESKTOP-6GOVKO2

[2020-05-10 10:21:25 #2 type] 
Type domain.Question is not enhanced.

[2020-05-10 10:21:25 #3 type] 
Type domain.Event is not enhanced.

[2020-05-10 10:21:25 #4 type] 
Type domain.User is not enhanced.

[2020-05-10 10:21:25 #5 type] 
Type domain.Kuota is not enhanced.

[2020-05-10 10:21:25 #6 type] 
Type domain.Admins is not enhanced.

[2020-05-10 10:21:25 #7 type] 
Type domain.Bet is not enhanced.

[2020-05-10 10:21:25 #8 type] 
Type domain.Mugimenduak is not enhanced.

------------------------------------------------------------------------------------------------------------------------

[2020-05-10 10:27:24 #1 store] 
Database 'C:\Users\Jokin\Desktop\Unibertsitatea\SI\upv.if.bets\src\main\resources\bets.temp' is opened by 13720@DESKTOP-6GOVKO2

[2020-05-10 10:27:24 #2 type] 
Type domain.Question is not enhanced.

[2020-05-10 10:27:24 #3 type] 
Type domain.Event is not enhanced.

[2020-05-10 10:27:24 #4 type] 
Type domain.User is not enhanced.

[2020-05-10 10:27:24 #5 type] 
Type domain.Kuota is not enhanced.

[2020-05-10 10:27:24 #6 type] 
Type domain.Admins is not enhanced.

[2020-05-10 10:27:24 #7 type] 
Type domain.Bet is not enhanced.

[2020-05-10 10:27:24 #8 type] 
Type domain.Mugimenduak is not enhanced.

------------------------------------------------------------------------------------------------------------------------

[2020-05-10 10:27:55 #1 store] 
Database 'C:\Users\Jokin\Desktop\Unibertsitatea\SI\upv.if.bets\src\main\resources\bets.temp' is opened by 14088@DESKTOP-6GOVKO2

[2020-05-10 10:27:55 #2 type] 
Type domain.Question is not enhanced.

[2020-05-10 10:27:55 #3 type] 
Type domain.Event is not enhanced.

[2020-05-10 10:27:55 #4 type] 
Type domain.User is not enhanced.

[2020-05-10 10:27:55 #5 type] 
Type domain.Kuota is not enhanced.

[2020-05-10 10:27:55 #6 type] 
Type domain.Admins is not enhanced.

[2020-05-10 10:27:55 #7 type] 
Type domain.Bet is not enhanced.

[2020-05-10 10:27:55 #8 type] 
Type domain.Mugimenduak is not enhanced.

------------------------------------------------------------------------------------------------------------------------

[2020-05-10 10:28:45 #1 store] 
Database 'C:\Users\Jokin\Desktop\Unibertsitatea\SI\upv.if.bets\src\main\resources\bets.temp' is opened by 8220@DESKTOP-6GOVKO2

[2020-05-10 10:28:45 #2 type] 
Type domain.Question is not enhanced.

[2020-05-10 10:28:45 #3 type] 
Type domain.Event is not enhanced.

[2020-05-10 10:28:45 #4 type] 
Type domain.User is not enhanced.

[2020-05-10 10:28:45 #5 type] 
Type domain.Kuota is not enhanced.

[2020-05-10 10:28:45 #6 type] 
Type domain.Admins is not enhanced.

[2020-05-10 10:28:45 #7 type] 
Type domain.Bet is not enhanced.

[2020-05-10 10:28:45 #8 type] 
Type domain.Mugimenduak is not enhanced.

------------------------------------------------------------------------------------------------------------------------

[2020-05-10 10:29:35 #1 store] 
Database 'C:\Users\Jokin\Desktop\Unibertsitatea\SI\upv.if.bets\src\main\resources\bets.temp' is opened by 15264@DESKTOP-6GOVKO2

[2020-05-10 10:29:35 #2 type] 
Type domain.Question is not enhanced.

[2020-05-10 10:29:35 #3 type] 
Type domain.Event is not enhanced.

[2020-05-10 10:29:35 #4 type] 
Type domain.User is not enhanced.

[2020-05-10 10:29:35 #5 type] 
Type domain.Kuota is not enhanced.

[2020-05-10 10:29:35 #6 type] 
Type domain.Admins is not enhanced.

[2020-05-10 10:29:35 #7 type] 
Type domain.Bet is not enhanced.

[2020-05-10 10:29:35 #8 type] 
Type domain.Mugimenduak is not enhanced.

------------------------------------------------------------------------------------------------------------------------

[2020-05-10 10:31:38 #1 store] 
Database 'C:\Users\Jokin\Desktop\Unibertsitatea\SI\upv.if.bets\src\main\resources\bets.temp' is opened by 12636@DESKTOP-6GOVKO2

[2020-05-10 10:31:38 #2 type] 
Type domain.Question is not enhanced.

[2020-05-10 10:31:38 #3 type] 
Type domain.Event is not enhanced.

[2020-05-10 10:31:38 #4 type] 
Type domain.User is not enhanced.

[2020-05-10 10:31:38 #5 type] 
Type domain.Kuota is not enhanced.

[2020-05-10 10:31:38 #6 type] 
Type domain.Admins is not enhanced.

[2020-05-10 10:31:38 #7 type] 
Type domain.Bet is not enhanced.

[2020-05-10 10:31:38 #8 type] 
Type domain.Mugimenduak is not enhanced.

------------------------------------------------------------------------------------------------------------------------

[2020-05-10 10:33:05 #1 store] 
Database 'C:\Users\Jokin\Desktop\Unibertsitatea\SI\upv.if.bets\src\main\resources\bets.temp' is opened by 4104@DESKTOP-6GOVKO2

[2020-05-10 10:33:05 #2 type] 
Type domain.Question is not enhanced.

[2020-05-10 10:33:05 #3 type] 
Type domain.Event is not enhanced.

[2020-05-10 10:33:05 #4 type] 
Type domain.User is not enhanced.

[2020-05-10 10:33:05 #5 type] 
Type domain.Kuota is not enhanced.

[2020-05-10 10:33:05 #6 type] 
Type domain.Admins is not enhanced.

[2020-05-10 10:33:05 #7 type] 
Type domain.Bet is not enhanced.

[2020-05-10 10:33:05 #8 type] 
Type domain.Mugimenduak is not enhanced.

------------------------------------------------------------------------------------------------------------------------

[2020-05-10 10:34:42 #1 store] 
Database 'C:\Users\Jokin\Desktop\Unibertsitatea\SI\upv.if.bets\src\main\resources\bets.temp' is opened by 13328@DESKTOP-6GOVKO2

[2020-05-10 10:34:42 #2 type] 
Type domain.Question is not enhanced.

[2020-05-10 10:34:42 #3 type] 
Type domain.Event is not enhanced.

[2020-05-10 10:34:42 #4 type] 
Type domain.User is not enhanced.

[2020-05-10 10:34:42 #5 type] 
Type domain.Kuota is not enhanced.

[2020-05-10 10:34:42 #6 type] 
Type domain.Admins is not enhanced.

[2020-05-10 10:34:42 #7 type] 
Type domain.Bet is not enhanced.

[2020-05-10 10:34:42 #8 type] 
Type domain.Mugimenduak is not enhanced.

------------------------------------------------------------------------------------------------------------------------

[2020-05-10 10:36:38 #1 store] 
Database 'C:\Users\Jokin\Desktop\Unibertsitatea\SI\upv.if.bets\src\main\resources\bets.temp' is opened by 2924@DESKTOP-6GOVKO2

[2020-05-10 10:36:38 #2 type] 
Type domain.Question is not enhanced.

[2020-05-10 10:36:38 #3 type] 
Type domain.Event is not enhanced.

[2020-05-10 10:36:38 #4 type] 
Type domain.User is not enhanced.

[2020-05-10 10:36:38 #5 type] 
Type domain.Kuota is not enhanced.

[2020-05-10 10:36:38 #6 type] 
Type domain.Admins is not enhanced.

[2020-05-10 10:36:38 #7 type] 
Type domain.Bet is not enhanced.

[2020-05-10 10:36:38 #8 type] 
Type domain.Mugimenduak is not enhanced.

------------------------------------------------------------------------------------------------------------------------

[2020-05-10 10:38:50 #1 store] 
Database 'C:\Users\Jokin\Desktop\Unibertsitatea\SI\upv.if.bets\src\main\resources\bets.temp' is opened by 8140@DESKTOP-6GOVKO2

[2020-05-10 10:38:50 #2 type] 
Type domain.Question is not enhanced.

[2020-05-10 10:38:50 #3 type] 
Type domain.Event is not enhanced.

[2020-05-10 10:38:50 #4 type] 
Type domain.User is not enhanced.

[2020-05-10 10:38:50 #5 type] 
Type domain.Kuota is not enhanced.

[2020-05-10 10:38:50 #6 type] 
Type domain.Admins is not enhanced.

[2020-05-10 10:38:50 #7 type] 
Type domain.Bet is not enhanced.

[2020-05-10 10:38:50 #8 type] 
Type domain.Mugimenduak is not enhanced.

------------------------------------------------------------------------------------------------------------------------

[2020-05-10 10:43:47 #1 store] 
Database 'C:\Users\Jokin\Desktop\Unibertsitatea\SI\upv.if.bets\src\main\resources\bets.temp' is opened by 13620@DESKTOP-6GOVKO2

[2020-05-10 10:43:47 #2 type] 
Type domain.Question is not enhanced.

[2020-05-10 10:43:47 #3 type] 
Type domain.Event is not enhanced.

[2020-05-10 10:43:47 #4 type] 
Type domain.User is not enhanced.

[2020-05-10 10:43:47 #5 type] 
Type domain.Kuota is not enhanced.

[2020-05-10 10:43:47 #6 type] 
Type domain.Admins is not enhanced.

[2020-05-10 10:43:47 #7 type] 
Type domain.Bet is not enhanced.

[2020-05-10 10:43:47 #8 type] 
Type domain.Mugimenduak is not enhanced.

------------------------------------------------------------------------------------------------------------------------

[2020-05-10 10:44:07 #1 store] 
Database 'C:\Users\Jokin\Desktop\Unibertsitatea\SI\upv.if.bets\src\main\resources\bets.temp' is opened by 11132@DESKTOP-6GOVKO2

[2020-05-10 10:44:07 #2 type] 
Type domain.Question is not enhanced.

[2020-05-10 10:44:07 #3 type] 
Type domain.Event is not enhanced.

[2020-05-10 10:44:07 #4 type] 
Type domain.User is not enhanced.

[2020-05-10 10:44:07 #5 type] 
Type domain.Kuota is not enhanced.

[2020-05-10 10:44:07 #6 type] 
Type domain.Admins is not enhanced.

[2020-05-10 10:44:07 #7 type] 
Type domain.Bet is not enhanced.

[2020-05-10 10:44:07 #8 type] 
Type domain.Mugimenduak is not enhanced.

------------------------------------------------------------------------------------------------------------------------

[2020-05-10 10:45:06 #1 store] 
Database 'C:\Users\Jokin\Desktop\Unibertsitatea\SI\upv.if.bets\src\main\resources\bets.temp' is opened by 14856@DESKTOP-6GOVKO2

[2020-05-10 10:45:06 #2 type] 
Type domain.Question is not enhanced.

[2020-05-10 10:45:06 #3 type] 
Type domain.Event is not enhanced.

[2020-05-10 10:45:06 #4 type] 
Type domain.User is not enhanced.

[2020-05-10 10:45:06 #5 type] 
Type domain.Kuota is not enhanced.

[2020-05-10 10:45:06 #6 type] 
Type domain.Admins is not enhanced.

[2020-05-10 10:45:06 #7 type] 
Type domain.Bet is not enhanced.

[2020-05-10 10:45:06 #8 type] 
Type domain.Mugimenduak is not enhanced.

------------------------------------------------------------------------------------------------------------------------

[2020-05-10 10:50:28 #1 store] 
Database 'C:\Users\Jokin\Desktop\Unibertsitatea\SI\upv.if.bets\src\main\resources\bets.temp' is opened by 2220@DESKTOP-6GOVKO2

[2020-05-10 10:50:28 #2 type] 
Type domain.Question is not enhanced.

[2020-05-10 10:50:28 #3 type] 
Type domain.Event is not enhanced.

[2020-05-10 10:50:28 #4 type] 
Type domain.User is not enhanced.

[2020-05-10 10:50:28 #5 type] 
Type domain.Kuota is not enhanced.

[2020-05-10 10:50:28 #6 type] 
Type domain.Admins is not enhanced.

[2020-05-10 10:50:28 #7 type] 
Type domain.Bet is not enhanced.

[2020-05-10 10:50:28 #8 type] 
Type domain.Mugimenduak is not enhanced.

------------------------------------------------------------------------------------------------------------------------

[2020-05-10 10:53:42 #1 store] 
Database 'C:\Users\Jokin\Desktop\Unibertsitatea\SI\upv.if.bets\src\main\resources\bets.temp' is opened by 13108@DESKTOP-6GOVKO2

[2020-05-10 10:53:42 #2 type] 
Type domain.Question is not enhanced.

[2020-05-10 10:53:42 #3 type] 
Type domain.Event is not enhanced.

[2020-05-10 10:53:42 #4 type] 
Type domain.User is not enhanced.

[2020-05-10 10:53:42 #5 type] 
Type domain.Kuota is not enhanced.

[2020-05-10 10:53:42 #6 type] 
Type domain.Admins is not enhanced.

[2020-05-10 10:53:42 #7 type] 
Type domain.Bet is not enhanced.

[2020-05-10 10:53:42 #8 type] 
Type domain.Mugimenduak is not enhanced.

------------------------------------------------------------------------------------------------------------------------

[2020-05-10 11:01:38 #1 store] 
Database 'C:\Users\Jokin\Desktop\Unibertsitatea\SI\upv.if.bets\src\main\resources\bets.temp' is opened by 13456@DESKTOP-6GOVKO2

[2020-05-10 11:01:38 #2 type] 
Type domain.Question is not enhanced.

[2020-05-10 11:01:38 #3 type] 
Type domain.Event is not enhanced.

[2020-05-10 11:01:38 #4 type] 
Type domain.User is not enhanced.

[2020-05-10 11:01:38 #5 type] 
Type domain.Kuota is not enhanced.

[2020-05-10 11:01:38 #6 type] 
Type domain.Admins is not enhanced.

[2020-05-10 11:01:38 #7 type] 
Type domain.Bet is not enhanced.

[2020-05-10 11:01:38 #8 type] 
Type domain.Mugimenduak is not enhanced.

------------------------------------------------------------------------------------------------------------------------

[2020-05-10 11:02:47 #1 store] 
Database 'C:\Users\Jokin\Desktop\Unibertsitatea\SI\upv.if.bets\src\main\resources\bets.temp' is opened by 14036@DESKTOP-6GOVKO2

[2020-05-10 11:02:47 #2 type] 
Type domain.Question is not enhanced.

[2020-05-10 11:02:47 #3 type] 
Type domain.Event is not enhanced.

[2020-05-10 11:02:47 #4 type] 
Type domain.User is not enhanced.

[2020-05-10 11:02:47 #5 type] 
Type domain.Kuota is not enhanced.

[2020-05-10 11:02:47 #6 type] 
Type domain.Admins is not enhanced.

[2020-05-10 11:02:47 #7 type] 
Type domain.Bet is not enhanced.

[2020-05-10 11:02:47 #8 type] 
Type domain.Mugimenduak is not enhanced.

------------------------------------------------------------------------------------------------------------------------

[2020-05-10 11:03:43 #1 store] 
Database 'C:\Users\Jokin\Desktop\Unibertsitatea\SI\upv.if.bets\src\main\resources\bets.temp' is opened by 12852@DESKTOP-6GOVKO2

[2020-05-10 11:03:43 #2 type] 
Type domain.Question is not enhanced.

[2020-05-10 11:03:43 #3 type] 
Type domain.Event is not enhanced.

[2020-05-10 11:03:43 #4 type] 
Type domain.User is not enhanced.

[2020-05-10 11:03:43 #5 type] 
Type domain.Kuota is not enhanced.

[2020-05-10 11:03:43 #6 type] 
Type domain.Admins is not enhanced.

[2020-05-10 11:03:43 #7 type] 
Type domain.Bet is not enhanced.

[2020-05-10 11:03:43 #8 type] 
Type domain.Mugimenduak is not enhanced.

------------------------------------------------------------------------------------------------------------------------

[2020-05-10 11:04:31 #1 store] 
Database 'C:\Users\Jokin\Desktop\Unibertsitatea\SI\upv.if.bets\src\main\resources\bets.temp' is opened by 14028@DESKTOP-6GOVKO2

[2020-05-10 11:04:31 #2 type] 
Type domain.Question is not enhanced.

[2020-05-10 11:04:31 #3 type] 
Type domain.Event is not enhanced.

[2020-05-10 11:04:31 #4 type] 
Type domain.User is not enhanced.

[2020-05-10 11:04:31 #5 type] 
Type domain.Kuota is not enhanced.

[2020-05-10 11:04:31 #6 type] 
Type domain.Admins is not enhanced.

[2020-05-10 11:04:31 #7 type] 
Type domain.Bet is not enhanced.

[2020-05-10 11:04:31 #8 type] 
Type domain.Mugimenduak is not enhanced.

------------------------------------------------------------------------------------------------------------------------

[2020-05-10 11:05:42 #1 store] 
Database 'C:\Users\Jokin\Desktop\Unibertsitatea\SI\upv.if.bets\src\main\resources\bets.temp' is opened by 1236@DESKTOP-6GOVKO2

[2020-05-10 11:05:42 #2 type] 
Type domain.Question is not enhanced.

[2020-05-10 11:05:42 #3 type] 
Type domain.Event is not enhanced.

[2020-05-10 11:05:42 #4 type] 
Type domain.User is not enhanced.

[2020-05-10 11:05:42 #5 type] 
Type domain.Kuota is not enhanced.

[2020-05-10 11:05:42 #6 type] 
Type domain.Admins is not enhanced.

[2020-05-10 11:05:42 #7 type] 
Type domain.Bet is not enhanced.

[2020-05-10 11:05:42 #8 type] 
Type domain.Mugimenduak is not enhanced.

------------------------------------------------------------------------------------------------------------------------

[2020-05-10 11:08:48 #1 store] 
Database 'C:\Users\Jokin\Desktop\Unibertsitatea\SI\upv.if.bets\src\main\resources\bets.temp' is opened by 5492@DESKTOP-6GOVKO2

[2020-05-10 11:08:49 #2 type] 
Type domain.Question is not enhanced.

[2020-05-10 11:08:49 #3 type] 
Type domain.Event is not enhanced.

[2020-05-10 11:08:49 #4 type] 
Type domain.User is not enhanced.

[2020-05-10 11:08:49 #5 type] 
Type domain.Kuota is not enhanced.

[2020-05-10 11:08:49 #6 type] 
Type domain.Admins is not enhanced.

[2020-05-10 11:08:49 #7 type] 
Type domain.Bet is not enhanced.

[2020-05-10 11:08:49 #8 type] 
Type domain.Mugimenduak is not enhanced.

------------------------------------------------------------------------------------------------------------------------

[2020-05-10 11:09:51 #1 store] 
Database 'C:\Users\Jokin\Desktop\Unibertsitatea\SI\upv.if.bets\src\main\resources\bets.temp' is opened by 5952@DESKTOP-6GOVKO2

[2020-05-10 11:09:51 #2 type] 
Type domain.Question is not enhanced.

[2020-05-10 11:09:51 #3 type] 
Type domain.Event is not enhanced.

[2020-05-10 11:09:51 #4 type] 
Type domain.User is not enhanced.

[2020-05-10 11:09:51 #5 type] 
Type domain.Kuota is not enhanced.

[2020-05-10 11:09:51 #6 type] 
Type domain.Admins is not enhanced.

[2020-05-10 11:09:51 #7 type] 
Type domain.Bet is not enhanced.

[2020-05-10 11:09:51 #8 type] 
Type domain.Mugimenduak is not enhanced.

------------------------------------------------------------------------------------------------------------------------

[2020-05-10 11:10:28 #1 store] 
Database 'C:\Users\Jokin\Desktop\Unibertsitatea\SI\upv.if.bets\src\main\resources\bets.temp' is opened by 4896@DESKTOP-6GOVKO2

[2020-05-10 11:10:28 #2 type] 
Type domain.Question is not enhanced.

[2020-05-10 11:10:28 #3 type] 
Type domain.Event is not enhanced.

[2020-05-10 11:10:28 #4 type] 
Type domain.User is not enhanced.

[2020-05-10 11:10:28 #5 type] 
Type domain.Kuota is not enhanced.

[2020-05-10 11:10:28 #6 type] 
Type domain.Admins is not enhanced.

[2020-05-10 11:10:28 #7 type] 
Type domain.Bet is not enhanced.

[2020-05-10 11:10:28 #8 type] 
Type domain.Mugimenduak is not enhanced.

------------------------------------------------------------------------------------------------------------------------

[2020-05-10 11:17:47 #1 store] 
Database 'C:\Users\Jokin\Desktop\Unibertsitatea\SI\upv.if.bets\src\main\resources\bets.temp' has been recovered (tr. 10670-10670)

[2020-05-10 11:17:47 #2 store] 
Database 'C:\Users\Jokin\Desktop\Unibertsitatea\SI\upv.if.bets\src\main\resources\bets.temp' is opened by 13552@DESKTOP-6GOVKO2

[2020-05-10 11:17:47 #3 type] 
Type domain.Question is not enhanced.

[2020-05-10 11:17:47 #4 type] 
Type domain.Event is not enhanced.

[2020-05-10 11:17:47 #5 type] 
Type domain.User is not enhanced.

[2020-05-10 11:17:47 #6 type] 
Type domain.Kuota is not enhanced.

[2020-05-10 11:17:47 #7 type] 
Type domain.Admins is not enhanced.

[2020-05-10 11:17:47 #8 type] 
Type domain.Bet is not enhanced.

[2020-05-10 11:17:47 #9 type] 
Type domain.Mugimenduak is not enhanced.

------------------------------------------------------------------------------------------------------------------------

[2020-05-10 11:18:45 #1 store] 
Database 'C:\Users\Jokin\Desktop\Unibertsitatea\SI\upv.if.bets\src\main\resources\bets.temp' is opened by 6096@DESKTOP-6GOVKO2

[2020-05-10 11:18:45 #2 type] 
Type domain.Question is not enhanced.

[2020-05-10 11:18:45 #3 type] 
Type domain.Event is not enhanced.

[2020-05-10 11:18:45 #4 type] 
Type domain.User is not enhanced.

[2020-05-10 11:18:45 #5 type] 
Type domain.Kuota is not enhanced.

[2020-05-10 11:18:45 #6 type] 
Type domain.Admins is not enhanced.

[2020-05-10 11:18:45 #7 type] 
Type domain.Bet is not enhanced.

[2020-05-10 11:18:45 #8 type] 
Type domain.Mugimenduak is not enhanced.

------------------------------------------------------------------------------------------------------------------------

[2020-05-10 11:19:21 #1 store] 
Database 'C:\Users\Jokin\Desktop\Unibertsitatea\SI\upv.if.bets\src\main\resources\bets.temp' is opened by 15040@DESKTOP-6GOVKO2

[2020-05-10 11:19:21 #2 type] 
Type domain.Question is not enhanced.

[2020-05-10 11:19:21 #3 type] 
Type domain.Event is not enhanced.

[2020-05-10 11:19:21 #4 type] 
Type domain.User is not enhanced.

[2020-05-10 11:19:21 #5 type] 
Type domain.Kuota is not enhanced.

[2020-05-10 11:19:21 #6 type] 
Type domain.Admins is not enhanced.

[2020-05-10 11:19:21 #7 type] 
Type domain.Bet is not enhanced.

[2020-05-10 11:19:21 #8 type] 
Type domain.Mugimenduak is not enhanced.

------------------------------------------------------------------------------------------------------------------------

[2020-05-10 11:19:53 #1 store] 
Database 'C:\Users\Jokin\Desktop\Unibertsitatea\SI\upv.if.bets\src\main\resources\bets.temp' is opened by 11664@DESKTOP-6GOVKO2

[2020-05-10 11:19:53 #2 type] 
Type domain.Question is not enhanced.

[2020-05-10 11:19:53 #3 type] 
Type domain.Event is not enhanced.

[2020-05-10 11:19:53 #4 type] 
Type domain.User is not enhanced.

[2020-05-10 11:19:53 #5 type] 
Type domain.Kuota is not enhanced.

[2020-05-10 11:19:53 #6 type] 
Type domain.Admins is not enhanced.

[2020-05-10 11:19:53 #7 type] 
Type domain.Bet is not enhanced.

[2020-05-10 11:19:53 #8 type] 
Type domain.Mugimenduak is not enhanced.

------------------------------------------------------------------------------------------------------------------------

[2020-05-10 11:21:21 #1 store] 
Database 'C:\Users\Jokin\Desktop\Unibertsitatea\SI\upv.if.bets\src\main\resources\bets.temp' is opened by 1260@DESKTOP-6GOVKO2

[2020-05-10 11:21:21 #2 type] 
Type domain.Question is not enhanced.

[2020-05-10 11:21:21 #3 type] 
Type domain.Event is not enhanced.

[2020-05-10 11:21:21 #4 type] 
Type domain.User is not enhanced.

[2020-05-10 11:21:21 #5 type] 
Type domain.Kuota is not enhanced.

[2020-05-10 11:21:21 #6 type] 
Type domain.Admins is not enhanced.

[2020-05-10 11:21:21 #7 type] 
Type domain.Bet is not enhanced.

[2020-05-10 11:21:21 #8 type] 
Type domain.Mugimenduak is not enhanced.

------------------------------------------------------------------------------------------------------------------------

[2020-05-10 11:23:33 #1 store] 
Database 'C:\Users\Jokin\Desktop\Unibertsitatea\SI\upv.if.bets\src\main\resources\bets.temp' is opened by 13588@DESKTOP-6GOVKO2

[2020-05-10 11:23:33 #2 type] 
Type domain.Question is not enhanced.

[2020-05-10 11:23:33 #3 type] 
Type domain.Event is not enhanced.

[2020-05-10 11:23:33 #4 type] 
Type domain.User is not enhanced.

[2020-05-10 11:23:33 #5 type] 
Type domain.Kuota is not enhanced.

[2020-05-10 11:23:33 #6 type] 
Type domain.Admins is not enhanced.

[2020-05-10 11:23:33 #7 type] 
Type domain.Bet is not enhanced.

[2020-05-10 11:23:33 #8 type] 
Type domain.Mugimenduak is not enhanced.

------------------------------------------------------------------------------------------------------------------------

[2020-05-10 11:23:47 #1 store] 
Database 'C:\Users\Jokin\Desktop\Unibertsitatea\SI\upv.if.bets\src\main\resources\bets.temp' is opened by 6044@DESKTOP-6GOVKO2

[2020-05-10 11:23:47 #2 type] 
Type domain.Question is not enhanced.

[2020-05-10 11:23:47 #3 type] 
Type domain.Event is not enhanced.

[2020-05-10 11:23:47 #4 type] 
Type domain.User is not enhanced.

[2020-05-10 11:23:47 #5 type] 
Type domain.Kuota is not enhanced.

[2020-05-10 11:23:47 #6 type] 
Type domain.Admins is not enhanced.

[2020-05-10 11:23:47 #7 type] 
Type domain.Bet is not enhanced.

[2020-05-10 11:23:47 #8 type] 
Type domain.Mugimenduak is not enhanced.

------------------------------------------------------------------------------------------------------------------------

[2020-05-10 11:25:13 #1 store] 
Database 'C:\Users\Jokin\Desktop\Unibertsitatea\SI\upv.if.bets\src\main\resources\bets.temp' is opened by 9660@DESKTOP-6GOVKO2

[2020-05-10 11:25:13 #2 type] 
Type domain.Question is not enhanced.

[2020-05-10 11:25:13 #3 type] 
Type domain.Event is not enhanced.

[2020-05-10 11:25:13 #4 type] 
Type domain.User is not enhanced.

[2020-05-10 11:25:14 #5 type] 
Type domain.Kuota is not enhanced.

[2020-05-10 11:25:14 #6 type] 
Type domain.Admins is not enhanced.

[2020-05-10 11:25:14 #7 type] 
Type domain.Bet is not enhanced.

[2020-05-10 11:25:14 #8 type] 
Type domain.Mugimenduak is not enhanced.

------------------------------------------------------------------------------------------------------------------------

[2020-05-10 11:26:25 #1 store] 
Database 'C:\Users\Jokin\Desktop\Unibertsitatea\SI\upv.if.bets\src\main\resources\bets.temp' is opened by 13696@DESKTOP-6GOVKO2

[2020-05-10 11:26:25 #2 type] 
Type domain.Question is not enhanced.

[2020-05-10 11:26:25 #3 type] 
Type domain.Event is not enhanced.

[2020-05-10 11:26:25 #4 type] 
Type domain.User is not enhanced.

[2020-05-10 11:26:25 #5 type] 
Type domain.Kuota is not enhanced.

[2020-05-10 11:26:25 #6 type] 
Type domain.Admins is not enhanced.

[2020-05-10 11:26:25 #7 type] 
Type domain.Bet is not enhanced.

[2020-05-10 11:26:25 #8 type] 
Type domain.Mugimenduak is not enhanced.

------------------------------------------------------------------------------------------------------------------------

[2020-05-10 11:30:32 #1 store] 
Database 'C:\Users\Jokin\Desktop\Unibertsitatea\SI\upv.if.bets\src\main\resources\bets.temp' is opened by 6416@DESKTOP-6GOVKO2

[2020-05-10 11:30:32 #2 type] 
Type domain.Question is not enhanced.

[2020-05-10 11:30:32 #3 type] 
Type domain.Event is not enhanced.

[2020-05-10 11:30:32 #4 type] 
Type domain.User is not enhanced.

[2020-05-10 11:30:32 #5 type] 
Type domain.Kuota is not enhanced.

[2020-05-10 11:30:32 #6 type] 
Type domain.Admins is not enhanced.

[2020-05-10 11:30:32 #7 type] 
Type domain.Bet is not enhanced.

[2020-05-10 11:30:32 #8 type] 
Type domain.Mugimenduak is not enhanced.

------------------------------------------------------------------------------------------------------------------------

[2020-05-10 11:32:14 #1 store] 
Database 'C:\Users\Jokin\Desktop\Unibertsitatea\SI\upv.if.bets\src\main\resources\bets.temp' has been recovered (tr. 10671-10684)

[2020-05-10 11:32:14 #2 store] 
Database 'C:\Users\Jokin\Desktop\Unibertsitatea\SI\upv.if.bets\src\main\resources\bets.temp' is opened by 5160@DESKTOP-6GOVKO2

[2020-05-10 11:32:14 #3 type] 
Type domain.Question is not enhanced.

[2020-05-10 11:32:14 #4 type] 
Type domain.Event is not enhanced.

[2020-05-10 11:32:14 #5 type] 
Type domain.User is not enhanced.

[2020-05-10 11:32:14 #6 type] 
Type domain.Kuota is not enhanced.

[2020-05-10 11:32:14 #7 type] 
Type domain.Admins is not enhanced.

[2020-05-10 11:32:14 #8 type] 
Type domain.Bet is not enhanced.

[2020-05-10 11:32:14 #9 type] 
Type domain.Mugimenduak is not enhanced.

------------------------------------------------------------------------------------------------------------------------

[2020-05-10 11:32:58 #1 store] 
Database 'C:\Users\Jokin\Desktop\Unibertsitatea\SI\upv.if.bets\src\main\resources\bets.temp' has been recovered (tr. 10685-10698)

[2020-05-10 11:32:58 #2 store] 
Database 'C:\Users\Jokin\Desktop\Unibertsitatea\SI\upv.if.bets\src\main\resources\bets.temp' is opened by 5224@DESKTOP-6GOVKO2

[2020-05-10 11:32:58 #3 type] 
Type domain.Question is not enhanced.

[2020-05-10 11:32:58 #4 type] 
Type domain.Event is not enhanced.

[2020-05-10 11:32:58 #5 type] 
Type domain.User is not enhanced.

[2020-05-10 11:32:58 #6 type] 
Type domain.Kuota is not enhanced.

[2020-05-10 11:32:58 #7 type] 
Type domain.Admins is not enhanced.

[2020-05-10 11:32:58 #8 type] 
Type domain.Bet is not enhanced.

[2020-05-10 11:32:58 #9 type] 
Type domain.Mugimenduak is not enhanced.

------------------------------------------------------------------------------------------------------------------------

[2020-05-10 11:33:31 #1 store] 
Database 'C:\Users\Jokin\Desktop\Unibertsitatea\SI\upv.if.bets\src\main\resources\bets.temp' is opened by 12832@DESKTOP-6GOVKO2

[2020-05-10 11:33:31 #2 type] 
Type domain.Question is not enhanced.

[2020-05-10 11:33:31 #3 type] 
Type domain.Event is not enhanced.

[2020-05-10 11:33:31 #4 type] 
Type domain.User is not enhanced.

[2020-05-10 11:33:31 #5 type] 
Type domain.Kuota is not enhanced.

[2020-05-10 11:33:31 #6 type] 
Type domain.Admins is not enhanced.

[2020-05-10 11:33:31 #7 type] 
Type domain.Bet is not enhanced.

[2020-05-10 11:33:31 #8 type] 
Type domain.Mugimenduak is not enhanced.

------------------------------------------------------------------------------------------------------------------------

[2020-05-10 11:33:48 #1 store] 
Database 'C:\Users\Jokin\Desktop\Unibertsitatea\SI\upv.if.bets\src\main\resources\bets.temp' is opened by 13592@DESKTOP-6GOVKO2

[2020-05-10 11:33:48 #2 type] 
Type domain.Question is not enhanced.

[2020-05-10 11:33:48 #3 type] 
Type domain.Event is not enhanced.

[2020-05-10 11:33:48 #4 type] 
Type domain.User is not enhanced.

[2020-05-10 11:33:48 #5 type] 
Type domain.Kuota is not enhanced.

[2020-05-10 11:33:48 #6 type] 
Type domain.Admins is not enhanced.

[2020-05-10 11:33:48 #7 type] 
Type domain.Bet is not enhanced.

[2020-05-10 11:33:48 #8 type] 
Type domain.Mugimenduak is not enhanced.

------------------------------------------------------------------------------------------------------------------------

[2020-05-10 11:35:23 #1 store] 
Database 'C:\Users\Jokin\Desktop\Unibertsitatea\SI\upv.if.bets\src\main\resources\bets.temp' has been recovered (tr. 10699-10705)

[2020-05-10 11:35:23 #2 store] 
Database 'C:\Users\Jokin\Desktop\Unibertsitatea\SI\upv.if.bets\src\main\resources\bets.temp' is opened by 1312@DESKTOP-6GOVKO2

[2020-05-10 11:35:23 #3 type] 
Type domain.Question is not enhanced.

[2020-05-10 11:35:23 #4 type] 
Type domain.Event is not enhanced.

[2020-05-10 11:35:23 #5 type] 
Type domain.User is not enhanced.

[2020-05-10 11:35:23 #6 type] 
Type domain.Kuota is not enhanced.

[2020-05-10 11:35:23 #7 type] 
Type domain.Admins is not enhanced.

[2020-05-10 11:35:23 #8 type] 
Type domain.Bet is not enhanced.

[2020-05-10 11:35:23 #9 type] 
Type domain.Mugimenduak is not enhanced.

------------------------------------------------------------------------------------------------------------------------

[2020-05-10 11:37:27 #1 store] 
Database 'C:\Users\Jokin\Desktop\Unibertsitatea\SI\upv.if.bets\src\main\resources\bets.temp' has been recovered (tr. 10706-10733)

[2020-05-10 11:37:27 #2 store] 
Database 'C:\Users\Jokin\Desktop\Unibertsitatea\SI\upv.if.bets\src\main\resources\bets.temp' is opened by 12156@DESKTOP-6GOVKO2

[2020-05-10 11:37:27 #3 type] 
Type domain.Question is not enhanced.

[2020-05-10 11:37:27 #4 type] 
Type domain.Event is not enhanced.

[2020-05-10 11:37:27 #5 type] 
Type domain.User is not enhanced.

[2020-05-10 11:37:27 #6 type] 
Type domain.Kuota is not enhanced.

[2020-05-10 11:37:27 #7 type] 
Type domain.Admins is not enhanced.

[2020-05-10 11:37:27 #8 type] 
Type domain.Bet is not enhanced.

[2020-05-10 11:37:27 #9 type] 
Type domain.Mugimenduak is not enhanced.

------------------------------------------------------------------------------------------------------------------------

[2020-05-10 12:24:16 #1 store] 
Database 'C:\Users\Jokin\Desktop\Unibertsitatea\SI\upv.if.bets\src\main\resources\bets.temp' has been recovered (tr. 10734-10734)

[2020-05-10 12:24:16 #2 store] 
Database 'C:\Users\Jokin\Desktop\Unibertsitatea\SI\upv.if.bets\src\main\resources\bets.temp' is opened by 2880@DESKTOP-6GOVKO2

[2020-05-10 12:24:17 #3 type] 
Type domain.Question is not enhanced.

[2020-05-10 12:24:17 #4 type] 
Type domain.Event is not enhanced.

[2020-05-10 12:24:17 #5 type] 
Type domain.User is not enhanced.

[2020-05-10 12:24:17 #6 type] 
Type domain.Kuota is not enhanced.

[2020-05-10 12:24:17 #7 type] 
Type domain.Admins is not enhanced.

[2020-05-10 12:24:17 #8 type] 
Type domain.Bet is not enhanced.

[2020-05-10 12:24:17 #9 type] 
Type domain.Mugimenduak is not enhanced.

------------------------------------------------------------------------------------------------------------------------

[2020-05-10 12:32:44 #1 store] 
Database 'C:\Users\Jokin\Desktop\Unibertsitatea\SI\upv.if.bets\src\main\resources\bets.temp' is opened by 3204@DESKTOP-6GOVKO2

[2020-05-10 12:32:44 #2 type] 
Type domain.Question is not enhanced.

[2020-05-10 12:32:44 #3 type] 
Type domain.Event is not enhanced.

[2020-05-10 12:32:44 #4 type] 
Type domain.User is not enhanced.

[2020-05-10 12:32:44 #5 type] 
Type domain.Kuota is not enhanced.

[2020-05-10 12:32:44 #6 type] 
Type domain.Admins is not enhanced.

[2020-05-10 12:32:44 #7 type] 
Type domain.Bet is not enhanced.

[2020-05-10 12:32:44 #8 type] 
Type domain.Mugimenduak is not enhanced.

------------------------------------------------------------------------------------------------------------------------

[2020-05-10 12:33:59 #1 store] 
Database 'C:\Users\Jokin\Desktop\Unibertsitatea\SI\upv.if.bets\src\main\resources\bets.temp' is opened by 2192@DESKTOP-6GOVKO2

[2020-05-10 12:33:59 #2 type] 
Type domain.Question is not enhanced.

[2020-05-10 12:33:59 #3 type] 
Type domain.Event is not enhanced.

[2020-05-10 12:33:59 #4 type] 
Type domain.User is not enhanced.

[2020-05-10 12:33:59 #5 type] 
Type domain.Kuota is not enhanced.

[2020-05-10 12:33:59 #6 type] 
Type domain.Admins is not enhanced.

[2020-05-10 12:33:59 #7 type] 
Type domain.Bet is not enhanced.

[2020-05-10 12:33:59 #8 type] 
Type domain.Mugimenduak is not enhanced.

------------------------------------------------------------------------------------------------------------------------

[2020-05-10 12:35:09 #1 store] 
Database 'C:\Users\Jokin\Desktop\Unibertsitatea\SI\upv.if.bets\src\main\resources\bets.temp' is opened by 9820@DESKTOP-6GOVKO2

[2020-05-10 12:35:09 #2 type] 
Type domain.Question is not enhanced.

[2020-05-10 12:35:09 #3 type] 
Type domain.Event is not enhanced.

[2020-05-10 12:35:09 #4 type] 
Type domain.User is not enhanced.

[2020-05-10 12:35:09 #5 type] 
Type domain.Kuota is not enhanced.

[2020-05-10 12:35:09 #6 type] 
Type domain.Admins is not enhanced.

[2020-05-10 12:35:09 #7 type] 
Type domain.Bet is not enhanced.

[2020-05-10 12:35:09 #8 type] 
Type domain.Mugimenduak is not enhanced.

------------------------------------------------------------------------------------------------------------------------

[2020-05-10 12:36:39 #1 store] 
Database 'C:\Users\Jokin\Desktop\Unibertsitatea\SI\upv.if.bets\src\main\resources\bets.temp' is opened by 10420@DESKTOP-6GOVKO2

[2020-05-10 12:36:39 #2 type] 
Type domain.Question is not enhanced.

[2020-05-10 12:36:39 #3 type] 
Type domain.Event is not enhanced.

[2020-05-10 12:36:39 #4 type] 
Type domain.User is not enhanced.

[2020-05-10 12:36:39 #5 type] 
Type domain.Kuota is not enhanced.

[2020-05-10 12:36:39 #6 type] 
Type domain.Admins is not enhanced.

[2020-05-10 12:36:39 #7 type] 
Type domain.Bet is not enhanced.

[2020-05-10 12:36:39 #8 type] 
Type domain.Mugimenduak is not enhanced.

------------------------------------------------------------------------------------------------------------------------

[2020-05-10 12:37:30 #1 store] 
Database 'C:\Users\Jokin\Desktop\Unibertsitatea\SI\upv.if.bets\src\main\resources\bets.temp' is opened by 5420@DESKTOP-6GOVKO2

[2020-05-10 12:37:30 #2 type] 
Type domain.Question is not enhanced.

[2020-05-10 12:37:30 #3 type] 
Type domain.Event is not enhanced.

[2020-05-10 12:37:30 #4 type] 
Type domain.User is not enhanced.

[2020-05-10 12:37:30 #5 type] 
Type domain.Kuota is not enhanced.

[2020-05-10 12:37:30 #6 type] 
Type domain.Admins is not enhanced.

[2020-05-10 12:37:30 #7 type] 
Type domain.Bet is not enhanced.

[2020-05-10 12:37:30 #8 type] 
Type domain.Mugimenduak is not enhanced.

------------------------------------------------------------------------------------------------------------------------

[2020-05-10 12:39:25 #1 store] 
Database 'C:\Users\Jokin\Desktop\Unibertsitatea\SI\upv.if.bets\src\main\resources\bets.temp' is opened by 984@DESKTOP-6GOVKO2

[2020-05-10 12:39:25 #2 type] 
Type domain.Question is not enhanced.

[2020-05-10 12:39:25 #3 type] 
Type domain.Event is not enhanced.

[2020-05-10 12:39:25 #4 type] 
Type domain.User is not enhanced.

[2020-05-10 12:39:25 #5 type] 
Type domain.Kuota is not enhanced.

[2020-05-10 12:39:25 #6 type] 
Type domain.Admins is not enhanced.

[2020-05-10 12:39:25 #7 type] 
Type domain.Bet is not enhanced.

[2020-05-10 12:39:25 #8 type] 
Type domain.Mugimenduak is not enhanced.

------------------------------------------------------------------------------------------------------------------------

[2020-05-10 12:42:34 #1 store] 
Database 'C:\Users\Jokin\Desktop\Unibertsitatea\SI\upv.if.bets\src\main\resources\bets.temp' is opened by 6560@DESKTOP-6GOVKO2

[2020-05-10 12:42:34 #2 type] 
Type domain.Question is not enhanced.

[2020-05-10 12:42:34 #3 type] 
Type domain.Event is not enhanced.

[2020-05-10 12:42:34 #4 type] 
Type domain.User is not enhanced.

[2020-05-10 12:42:34 #5 type] 
Type domain.Kuota is not enhanced.

[2020-05-10 12:42:34 #6 type] 
Type domain.Admins is not enhanced.

[2020-05-10 12:42:34 #7 type] 
Type domain.Bet is not enhanced.

[2020-05-10 12:42:34 #8 type] 
Type domain.Mugimenduak is not enhanced.

------------------------------------------------------------------------------------------------------------------------

[2020-05-10 12:43:15 #1 store] 
Database 'C:\Users\Jokin\Desktop\Unibertsitatea\SI\upv.if.bets\src\main\resources\bets.temp' is opened by 4988@DESKTOP-6GOVKO2

[2020-05-10 12:43:15 #2 type] 
Type domain.Question is not enhanced.

[2020-05-10 12:43:15 #3 type] 
Type domain.Event is not enhanced.

[2020-05-10 12:43:15 #4 type] 
Type domain.User is not enhanced.

[2020-05-10 12:43:15 #5 type] 
Type domain.Kuota is not enhanced.

[2020-05-10 12:43:15 #6 type] 
Type domain.Admins is not enhanced.

[2020-05-10 12:43:15 #7 type] 
Type domain.Bet is not enhanced.

[2020-05-10 12:43:15 #8 type] 
Type domain.Mugimenduak is not enhanced.

------------------------------------------------------------------------------------------------------------------------

[2020-05-10 12:47:07 #1 store] 
Database 'C:\Users\Jokin\Desktop\Unibertsitatea\SI\upv.if.bets\src\main\resources\bets.temp' has been recovered (tr. 10814-10843)

[2020-05-10 12:47:07 #2 store] 
Database 'C:\Users\Jokin\Desktop\Unibertsitatea\SI\upv.if.bets\src\main\resources\bets.temp' is opened by 10864@DESKTOP-6GOVKO2

[2020-05-10 12:47:07 #3 type] 
Type domain.Question is not enhanced.

[2020-05-10 12:47:07 #4 type] 
Type domain.Event is not enhanced.

[2020-05-10 12:47:07 #5 type] 
Type domain.User is not enhanced.

[2020-05-10 12:47:07 #6 type] 
Type domain.Kuota is not enhanced.

[2020-05-10 12:47:07 #7 type] 
Type domain.Admins is not enhanced.

[2020-05-10 12:47:07 #8 type] 
Type domain.Bet is not enhanced.

[2020-05-10 12:47:07 #9 type] 
Type domain.Mugimenduak is not enhanced.

------------------------------------------------------------------------------------------------------------------------

[2020-05-10 12:50:10 #1 store] 
Database 'C:\Users\Jokin\Desktop\Unibertsitatea\SI\upv.if.bets\src\main\resources\bets.temp' has been recovered (tr. 10844-10857)

[2020-05-10 12:50:10 #2 store] 
Database 'C:\Users\Jokin\Desktop\Unibertsitatea\SI\upv.if.bets\src\main\resources\bets.temp' is opened by 6368@DESKTOP-6GOVKO2

[2020-05-10 12:50:10 #3 type] 
Type domain.Question is not enhanced.

[2020-05-10 12:50:10 #4 type] 
Type domain.Event is not enhanced.

[2020-05-10 12:50:10 #5 type] 
Type domain.User is not enhanced.

[2020-05-10 12:50:10 #6 type] 
Type domain.Kuota is not enhanced.

[2020-05-10 12:50:10 #7 type] 
Type domain.Admins is not enhanced.

[2020-05-10 12:50:10 #8 type] 
Type domain.Bet is not enhanced.

[2020-05-10 12:50:10 #9 type] 
Type domain.Mugimenduak is not enhanced.

------------------------------------------------------------------------------------------------------------------------

[2020-05-10 13:30:56 #1 store] 
Database 'C:\Users\julen\Desktop\SI workspace\upv.if.bets\src\main\resources\bets2.temp' is opened by 9140@DESKTOP-MVONMQ6

[2020-05-10 13:30:57 #2 type.registry] 
New type domain.Question

[2020-05-10 13:30:57 #3 type] 
Type domain.Question is not enhanced.

[2020-05-10 13:30:57 #4 type.registry] 
New type domain.Kuota

[2020-05-10 13:30:57 #5 type.registry] 
New type java.util.Vector<domain.Kuota>

[2020-05-10 13:30:57 #6 type.registry] 
New type domain.Event

[2020-05-10 13:30:57 #7 type] 
Type domain.Kuota is not enhanced.

[2020-05-10 13:30:57 #8 type.registry] 
New type domain.Bet

[2020-05-10 13:30:57 #9 type.registry] 
New type java.util.Vector<domain.Bet>

[2020-05-10 13:30:57 #10 type] 
Type domain.Event is not enhanced.

[2020-05-10 13:30:57 #11 type.registry] 
New type java.util.Vector<domain.Question>

[2020-05-10 13:30:57 #12 type] 
Type domain.Bet is not enhanced.

[2020-05-10 13:30:57 #13 type.registry] 
New type java.util.Vector<java.lang.Integer>

[2020-05-10 13:30:57 #14 type.registry] 
New type java.util.Vector<java.lang.Object>

------------------------------------------------------------------------------------------------------------------------

[2020-05-10 13:34:28 #1 type.registry] 
New type domain.Question

[2020-05-10 13:34:28 #2 type] 
Type domain.Question is not enhanced.

[2020-05-10 13:34:28 #3 type.registry] 
New type domain.Kuota

[2020-05-10 13:34:28 #4 type.registry] 
New type java.util.Vector<domain.Kuota>

[2020-05-10 13:34:28 #5 type.registry] 
New type domain.Event

[2020-05-10 13:34:28 #6 type] 
Type domain.Kuota is not enhanced.

[2020-05-10 13:34:28 #7 type.registry] 
New type domain.Bet

[2020-05-10 13:34:28 #8 type.registry] 
New type java.util.Vector<domain.Bet>

[2020-05-10 13:34:28 #9 type] 
Type domain.Event is not enhanced.

[2020-05-10 13:34:28 #10 type.registry] 
New type java.util.Vector<domain.Question>

[2020-05-10 13:34:28 #11 type] 
Type domain.Bet is not enhanced.

[2020-05-10 13:34:28 #12 type.registry] 
New type java.util.Vector<java.lang.Integer>

[2020-05-10 13:34:28 #13 type.registry] 
New type java.util.Vector<java.lang.Object>

------------------------------------------------------------------------------------------------------------------------

[2020-05-10 13:39:17 #1 store] 
Database 'C:\Users\julen\Desktop\SI workspace\upv.if.bets\src\main\resources\bets.temp' is opened by 23892@DESKTOP-MVONMQ6

[2020-05-10 13:39:17 #2 type] 
Type domain.Question is not enhanced.

[2020-05-10 13:39:17 #3 type] 
Type domain.Event is not enhanced.

[2020-05-10 13:39:17 #4 type] 
Type domain.User is not enhanced.

[2020-05-10 13:39:17 #5 type] 
Type domain.Kuota is not enhanced.

[2020-05-10 13:39:17 #6 type] 
Type domain.Admins is not enhanced.

[2020-05-10 13:39:17 #7 type] 
Type domain.Bet is not enhanced.

[2020-05-10 13:39:17 #8 type] 
Type domain.Mugimenduak is not enhanced.

------------------------------------------------------------------------------------------------------------------------

[2020-05-10 13:45:10 #1 store] 
Database 'C:\Users\julen\Desktop\SI workspace\upv.if.bets\src\main\resources\bets.temp' is opened by 21944@DESKTOP-MVONMQ6

[2020-05-10 13:45:10 #2 type] 
Type domain.Question is not enhanced.

[2020-05-10 13:45:10 #3 type] 
Type domain.Event is not enhanced.

[2020-05-10 13:45:10 #4 type] 
Type domain.User is not enhanced.

[2020-05-10 13:45:10 #5 type] 
Type domain.Kuota is not enhanced.

[2020-05-10 13:45:10 #6 type] 
Type domain.Admins is not enhanced.

[2020-05-10 13:45:10 #7 type] 
Type domain.Bet is not enhanced.

[2020-05-10 13:45:10 #8 type] 
Type domain.Mugimenduak is not enhanced.

------------------------------------------------------------------------------------------------------------------------

[2020-05-10 13:55:48 #1 store] 
Database 'C:\Users\julen\Desktop\SI workspace\upv.if.bets\src\main\resources\bets.temp' has been recovered (tr. 10858-10858)

[2020-05-10 13:55:48 #2 store] 
Database 'C:\Users\julen\Desktop\SI workspace\upv.if.bets\src\main\resources\bets.temp' is opened by 1000@DESKTOP-MVONMQ6

[2020-05-10 13:55:48 #3 type] 
Type domain.Question is not enhanced.

[2020-05-10 13:55:48 #4 type] 
Type domain.Event is not enhanced.

[2020-05-10 13:55:48 #5 type] 
Type domain.User is not enhanced.

[2020-05-10 13:55:48 #6 type] 
Type domain.Kuota is not enhanced.

[2020-05-10 13:55:48 #7 type] 
Type domain.Admins is not enhanced.

[2020-05-10 13:55:48 #8 type] 
Type domain.Bet is not enhanced.

[2020-05-10 13:55:48 #9 type] 
Type domain.Mugimenduak is not enhanced.

------------------------------------------------------------------------------------------------------------------------

[2020-05-10 13:57:38 #1 store] 
Database 'C:\Users\julen\Desktop\SI workspace\upv.if.bets\src\main\resources\bets.temp' is opened by 9752@DESKTOP-MVONMQ6

[2020-05-10 13:57:38 #2 type] 
Type domain.Question is not enhanced.

[2020-05-10 13:57:38 #3 type] 
Type domain.Event is not enhanced.

[2020-05-10 13:57:38 #4 type] 
Type domain.User is not enhanced.

[2020-05-10 13:57:38 #5 type] 
Type domain.Kuota is not enhanced.

[2020-05-10 13:57:38 #6 type] 
Type domain.Admins is not enhanced.

[2020-05-10 13:57:38 #7 type] 
Type domain.Bet is not enhanced.

[2020-05-10 13:57:38 #8 type] 
Type domain.Mugimenduak is not enhanced.

------------------------------------------------------------------------------------------------------------------------

[2020-05-10 14:00:07 #1 store] 
Database 'C:\Users\julen\Desktop\SI workspace\upv.if.bets\src\main\resources\bets.temp' is opened by 14532@DESKTOP-MVONMQ6

[2020-05-10 14:00:07 #2 type] 
Type domain.Question is not enhanced.

[2020-05-10 14:00:07 #3 type] 
Type domain.Event is not enhanced.

[2020-05-10 14:00:07 #4 type] 
Type domain.User is not enhanced.

[2020-05-10 14:00:07 #5 type] 
Type domain.Kuota is not enhanced.

[2020-05-10 14:00:07 #6 type] 
Type domain.Admins is not enhanced.

[2020-05-10 14:00:07 #7 type] 
Type domain.Bet is not enhanced.

[2020-05-10 14:00:07 #8 type] 
Type domain.Mugimenduak is not enhanced.

------------------------------------------------------------------------------------------------------------------------

[2020-05-10 14:11:53 #1 store] 
Database 'C:\Users\julen\Desktop\SI workspace\upv.if.bets\src\main\resources\bets.temp' is opened by 16156@DESKTOP-MVONMQ6

[2020-05-10 14:11:53 #2 type] 
Type domain.Question is not enhanced.

[2020-05-10 14:11:53 #3 type] 
Type domain.Event is not enhanced.

[2020-05-10 14:11:53 #4 type] 
Type domain.User is not enhanced.

[2020-05-10 14:11:53 #5 type] 
Type domain.Kuota is not enhanced.

[2020-05-10 14:11:53 #6 type] 
Type domain.Admins is not enhanced.

[2020-05-10 14:11:53 #7 type] 
Type domain.Bet is not enhanced.

[2020-05-10 14:11:53 #8 type] 
Type domain.Mugimenduak is not enhanced.

------------------------------------------------------------------------------------------------------------------------

[2020-05-10 14:13:57 #1 store] 
Database 'C:\Users\julen\Desktop\SI workspace\upv.if.bets\src\main\resources\bets.temp' is opened by 14472@DESKTOP-MVONMQ6

[2020-05-10 14:13:57 #2 type] 
Type domain.Question is not enhanced.

[2020-05-10 14:13:57 #3 type] 
Type domain.Event is not enhanced.

[2020-05-10 14:13:57 #4 type] 
Type domain.User is not enhanced.

[2020-05-10 14:13:57 #5 type] 
Type domain.Kuota is not enhanced.

[2020-05-10 14:13:57 #6 type] 
Type domain.Admins is not enhanced.

[2020-05-10 14:13:57 #7 type] 
Type domain.Bet is not enhanced.

[2020-05-10 14:13:57 #8 type] 
Type domain.Mugimenduak is not enhanced.

------------------------------------------------------------------------------------------------------------------------

[2020-05-10 14:28:26 #1 store] 
Database 'C:\Users\julen\Desktop\SI workspace\upv.if.bets\src\main\resources\bets.temp' is opened by 25324@DESKTOP-MVONMQ6

[2020-05-10 14:28:26 #2 type] 
Type domain.Question is not enhanced.

[2020-05-10 14:28:26 #3 type] 
Type domain.Event is not enhanced.

[2020-05-10 14:28:26 #4 type] 
Type domain.User is not enhanced.

[2020-05-10 14:28:26 #5 type] 
Type domain.Kuota is not enhanced.

[2020-05-10 14:28:26 #6 type] 
Type domain.Admins is not enhanced.

[2020-05-10 14:28:26 #7 type] 
Type domain.Bet is not enhanced.

[2020-05-10 14:28:26 #8 type] 
Type domain.Mugimenduak is not enhanced.

------------------------------------------------------------------------------------------------------------------------

[2020-05-10 14:33:14 #1 store] 
Database 'C:\Users\julen\Desktop\SI workspace\upv.if.bets\src\main\resources\bets.temp' is opened by 9956@DESKTOP-MVONMQ6

[2020-05-10 14:33:14 #2 type] 
Type domain.Question is not enhanced.

[2020-05-10 14:33:14 #3 type] 
Type domain.Event is not enhanced.

[2020-05-10 14:33:14 #4 type] 
Type domain.User is not enhanced.

[2020-05-10 14:33:14 #5 type] 
Type domain.Kuota is not enhanced.

[2020-05-10 14:33:14 #6 type] 
Type domain.Admins is not enhanced.

[2020-05-10 14:33:14 #7 type] 
Type domain.Bet is not enhanced.

[2020-05-10 14:33:14 #8 type] 
Type domain.Mugimenduak is not enhanced.

------------------------------------------------------------------------------------------------------------------------

[2020-05-10 14:34:02 #1 store] 
Database 'C:\Users\julen\Desktop\SI workspace\upv.if.bets\src\main\resources\bets.temp' is opened by 25056@DESKTOP-MVONMQ6

[2020-05-10 14:34:02 #2 type] 
Type domain.Question is not enhanced.

[2020-05-10 14:34:02 #3 type] 
Type domain.Event is not enhanced.

[2020-05-10 14:34:02 #4 type] 
Type domain.User is not enhanced.

[2020-05-10 14:34:02 #5 type] 
Type domain.Kuota is not enhanced.

[2020-05-10 14:34:02 #6 type] 
Type domain.Admins is not enhanced.

[2020-05-10 14:34:02 #7 type] 
Type domain.Bet is not enhanced.

[2020-05-10 14:34:02 #8 type] 
Type domain.Mugimenduak is not enhanced.

------------------------------------------------------------------------------------------------------------------------

[2020-05-10 14:34:51 #1 store] 
Database 'C:\Users\julen\Desktop\SI workspace\upv.if.bets\src\main\resources\bets.temp' is opened by 26076@DESKTOP-MVONMQ6

[2020-05-10 14:34:51 #2 type] 
Type domain.Question is not enhanced.

[2020-05-10 14:34:51 #3 type] 
Type domain.Event is not enhanced.

[2020-05-10 14:34:51 #4 type] 
Type domain.User is not enhanced.

[2020-05-10 14:34:51 #5 type] 
Type domain.Kuota is not enhanced.

[2020-05-10 14:34:51 #6 type] 
Type domain.Admins is not enhanced.

[2020-05-10 14:34:51 #7 type] 
Type domain.Bet is not enhanced.

[2020-05-10 14:34:51 #8 type] 
Type domain.Mugimenduak is not enhanced.

------------------------------------------------------------------------------------------------------------------------

[2020-05-10 14:37:02 #1 store] 
Database 'C:\Users\julen\Desktop\SI workspace\upv.if.bets\src\main\resources\bets.temp' is opened by 20384@DESKTOP-MVONMQ6

[2020-05-10 14:37:02 #2 type] 
Type domain.Question is not enhanced.

[2020-05-10 14:37:02 #3 type] 
Type domain.Event is not enhanced.

[2020-05-10 14:37:02 #4 type] 
Type domain.User is not enhanced.

[2020-05-10 14:37:02 #5 type] 
Type domain.Kuota is not enhanced.

[2020-05-10 14:37:02 #6 type] 
Type domain.Admins is not enhanced.

[2020-05-10 14:37:02 #7 type] 
Type domain.Bet is not enhanced.

[2020-05-10 14:37:02 #8 type] 
Type domain.Mugimenduak is not enhanced.

------------------------------------------------------------------------------------------------------------------------

[2020-05-10 14:37:36 #1 store] 
Database 'C:\Users\julen\Desktop\SI workspace\upv.if.bets\src\main\resources\bets.temp' is opened by 15804@DESKTOP-MVONMQ6

[2020-05-10 14:37:36 #2 type] 
Type domain.Question is not enhanced.

[2020-05-10 14:37:36 #3 type] 
Type domain.Event is not enhanced.

[2020-05-10 14:37:36 #4 type] 
Type domain.User is not enhanced.

[2020-05-10 14:37:36 #5 type] 
Type domain.Kuota is not enhanced.

[2020-05-10 14:37:36 #6 type] 
Type domain.Admins is not enhanced.

[2020-05-10 14:37:36 #7 type] 
Type domain.Bet is not enhanced.

[2020-05-10 14:37:36 #8 type] 
Type domain.Mugimenduak is not enhanced.

------------------------------------------------------------------------------------------------------------------------

[2020-05-10 14:41:48 #1 store] 
Database 'C:\Users\julen\Desktop\SI workspace\upv.if.bets\src\main\resources\bets.temp' is opened by 8624@DESKTOP-MVONMQ6

[2020-05-10 14:41:48 #2 type] 
Type domain.Question is not enhanced.

[2020-05-10 14:41:48 #3 type] 
Type domain.Event is not enhanced.

[2020-05-10 14:41:48 #4 type] 
Type domain.User is not enhanced.

[2020-05-10 14:41:48 #5 type] 
Type domain.Kuota is not enhanced.

[2020-05-10 14:41:48 #6 type] 
Type domain.Admins is not enhanced.

[2020-05-10 14:41:48 #7 type] 
Type domain.Bet is not enhanced.

[2020-05-10 14:41:48 #8 type] 
Type domain.Mugimenduak is not enhanced.

------------------------------------------------------------------------------------------------------------------------

[2020-05-10 14:42:15 #1 store] 
Database 'C:\Users\julen\Desktop\SI workspace\upv.if.bets\src\main\resources\bets.temp' is opened by 24436@DESKTOP-MVONMQ6

[2020-05-10 14:42:15 #2 type] 
Type domain.Question is not enhanced.

[2020-05-10 14:42:16 #3 type] 
Type domain.Event is not enhanced.

[2020-05-10 14:42:16 #4 type] 
Type domain.User is not enhanced.

[2020-05-10 14:42:16 #5 type] 
Type domain.Kuota is not enhanced.

[2020-05-10 14:42:16 #6 type] 
Type domain.Admins is not enhanced.

[2020-05-10 14:42:16 #7 type] 
Type domain.Bet is not enhanced.

[2020-05-10 14:42:16 #8 type] 
Type domain.Mugimenduak is not enhanced.

------------------------------------------------------------------------------------------------------------------------

[2020-05-10 14:43:13 #1 store] 
Database 'C:\Users\julen\Desktop\SI workspace\upv.if.bets\src\main\resources\bets.temp' has been recovered (tr. 10859-10859)

[2020-05-10 14:43:13 #2 store] 
Database 'C:\Users\julen\Desktop\SI workspace\upv.if.bets\src\main\resources\bets.temp' is opened by 16428@DESKTOP-MVONMQ6

[2020-05-10 14:43:13 #3 type] 
Type domain.Question is not enhanced.

[2020-05-10 14:43:13 #4 type] 
Type domain.Event is not enhanced.

[2020-05-10 14:43:13 #5 type] 
Type domain.User is not enhanced.

[2020-05-10 14:43:13 #6 type] 
Type domain.Kuota is not enhanced.

[2020-05-10 14:43:13 #7 type] 
Type domain.Admins is not enhanced.

[2020-05-10 14:43:13 #8 type] 
Type domain.Bet is not enhanced.

[2020-05-10 14:43:13 #9 type] 
Type domain.Mugimenduak is not enhanced.

------------------------------------------------------------------------------------------------------------------------

[2020-05-10 14:43:52 #1 store] 
Database 'C:\Users\julen\Desktop\SI workspace\upv.if.bets\src\main\resources\bets.temp' is opened by 25640@DESKTOP-MVONMQ6

[2020-05-10 14:43:52 #2 type] 
Type domain.Question is not enhanced.

[2020-05-10 14:43:52 #3 type] 
Type domain.Event is not enhanced.

[2020-05-10 14:43:52 #4 type] 
Type domain.User is not enhanced.

[2020-05-10 14:43:52 #5 type] 
Type domain.Kuota is not enhanced.

[2020-05-10 14:43:52 #6 type] 
Type domain.Admins is not enhanced.

[2020-05-10 14:43:52 #7 type] 
Type domain.Bet is not enhanced.

[2020-05-10 14:43:52 #8 type] 
Type domain.Mugimenduak is not enhanced.

------------------------------------------------------------------------------------------------------------------------

[2020-05-10 15:11:16 #1 store] 
Database 'C:\Users\julen\Desktop\SI workspace\upv.if.bets\src\main\resources\bets.temp' is opened by 6368@DESKTOP-MVONMQ6

[2020-05-10 15:11:16 #2 type] 
Type domain.Question is not enhanced.

[2020-05-10 15:11:16 #3 type] 
Type domain.Event is not enhanced.

[2020-05-10 15:11:16 #4 type] 
Type domain.User is not enhanced.

[2020-05-10 15:11:16 #5 type] 
Type domain.Kuota is not enhanced.

[2020-05-10 15:11:16 #6 type] 
Type domain.Admins is not enhanced.

[2020-05-10 15:11:16 #7 type] 
Type domain.Bet is not enhanced.

[2020-05-10 15:11:16 #8 type] 
Type domain.Mugimenduak is not enhanced.

------------------------------------------------------------------------------------------------------------------------

[2020-05-10 16:11:25 #1 type.registry] 
New type domain.Admins

[2020-05-10 16:11:25 #2 type] 
Type domain.Admins is not enhanced.

[2020-05-10 16:11:25 #3 type.registry] 
New type domain.User

[2020-05-10 16:11:25 #4 type] 
Type domain.User is not enhanced.

[2020-05-10 16:11:25 #5 type.registry] 
New type java.util.Vector<domain.User>

[2020-05-10 16:11:25 #6 type.registry] 
New type domain.Bet

[2020-05-10 16:11:25 #7 type.registry] 
New type java.util.Vector<domain.Bet>

[2020-05-10 16:11:25 #8 type.registry] 
New type domain.Mugimenduak

[2020-05-10 16:11:25 #9 type.registry] 
New type java.util.Vector<domain.Mugimenduak>

[2020-05-10 16:11:25 #10 type] 
Type domain.Bet is not enhanced.

[2020-05-10 16:11:25 #11 type.registry] 
New type java.util.Vector<java.lang.Integer>

[2020-05-10 16:11:25 #12 type] 
Type domain.Mugimenduak is not enhanced.

------------------------------------------------------------------------------------------------------------------------

[2020-05-10 16:12:08 #1 type.registry] 
New type domain.Question

[2020-05-10 16:12:08 #2 type] 
Type domain.Question is not enhanced.

[2020-05-10 16:12:08 #3 type.registry] 
New type domain.Kuota

[2020-05-10 16:12:08 #4 type.registry] 
New type java.util.Vector<domain.Kuota>

[2020-05-10 16:12:08 #5 type.registry] 
New type domain.Event

[2020-05-10 16:12:08 #6 type] 
Type domain.Kuota is not enhanced.

[2020-05-10 16:12:08 #7 type.registry] 
New type domain.Bet

[2020-05-10 16:12:08 #8 type.registry] 
New type java.util.Vector<domain.Bet>

[2020-05-10 16:12:08 #9 type] 
Type domain.Event is not enhanced.

[2020-05-10 16:12:08 #10 type.registry] 
New type java.util.Vector<domain.Question>

[2020-05-10 16:12:08 #11 type] 
Type domain.Bet is not enhanced.

[2020-05-10 16:12:08 #12 type.registry] 
New type java.util.Vector<java.lang.Integer>

[2020-05-10 16:12:08 #13 type.registry] 
New type java.util.Vector<java.lang.Object>

[2020-05-10 16:12:23 #14 type.registry] 
New type domain.Admins

[2020-05-10 16:12:23 #15 type] 
Type domain.Admins is not enhanced.

[2020-05-10 16:12:23 #16 type.registry] 
New type domain.User

[2020-05-10 16:12:23 #17 type] 
Type domain.User is not enhanced.

[2020-05-10 16:12:23 #18 type.registry] 
New type java.util.Vector<domain.User>

[2020-05-10 16:12:23 #19 type.registry] 
New type domain.Mugimenduak

[2020-05-10 16:12:23 #20 type.registry] 
New type java.util.Vector<domain.Mugimenduak>

[2020-05-10 16:12:23 #21 type] 
Type domain.Mugimenduak is not enhanced.

------------------------------------------------------------------------------------------------------------------------

[2020-05-10 16:20:00 #1 type.registry] 
New type domain.Question

[2020-05-10 16:20:00 #2 type] 
Type domain.Question is not enhanced.

[2020-05-10 16:20:00 #3 type.registry] 
New type domain.Kuota

[2020-05-10 16:20:00 #4 type.registry] 
New type java.util.Vector<domain.Kuota>

[2020-05-10 16:20:00 #5 type.registry] 
New type domain.Event

[2020-05-10 16:20:00 #6 type] 
Type domain.Kuota is not enhanced.

[2020-05-10 16:20:00 #7 type.registry] 
New type domain.Bet

[2020-05-10 16:20:00 #8 type.registry] 
New type java.util.Vector<domain.Bet>

[2020-05-10 16:20:00 #9 type] 
Type domain.Event is not enhanced.

[2020-05-10 16:20:00 #10 type.registry] 
New type java.util.Vector<domain.Question>

[2020-05-10 16:20:00 #11 type] 
Type domain.Bet is not enhanced.

[2020-05-10 16:20:00 #12 type.registry] 
New type java.util.Vector<java.lang.Integer>

[2020-05-10 16:20:00 #13 type.registry] 
New type java.util.Vector<java.lang.Object>

------------------------------------------------------------------------------------------------------------------------

[2020-05-10 16:23:01 #1 type] 
Type domain.Question is not enhanced.

[2020-05-10 16:23:01 #2 type] 
Type domain.Event is not enhanced.

[2020-05-10 16:23:01 #3 type] 
Type domain.User is not enhanced.

[2020-05-10 16:23:01 #4 type] 
Type domain.Kuota is not enhanced.

[2020-05-10 16:23:01 #5 type] 
Type domain.Admins is not enhanced.

[2020-05-10 16:23:01 #6 type] 
Type domain.Bet is not enhanced.

[2020-05-10 16:23:01 #7 type] 
Type domain.Mugimenduak is not enhanced.

------------------------------------------------------------------------------------------------------------------------

[2020-05-10 16:37:01 #1 type] 
Type domain.Question is not enhanced.

[2020-05-10 16:37:01 #2 type] 
Type domain.Event is not enhanced.

[2020-05-10 16:37:01 #3 type] 
Type domain.User is not enhanced.

[2020-05-10 16:37:01 #4 type] 
Type domain.Kuota is not enhanced.

[2020-05-10 16:37:01 #5 type] 
Type domain.Admins is not enhanced.

[2020-05-10 16:37:01 #6 type] 
Type domain.Bet is not enhanced.

[2020-05-10 16:37:01 #7 type] 
Type domain.Mugimenduak is not enhanced.

------------------------------------------------------------------------------------------------------------------------

[2020-05-10 16:43:04 #1 type.registry] 
New type domain.Question

[2020-05-10 16:43:04 #2 type] 
Type domain.Question is not enhanced.

[2020-05-10 16:43:04 #3 type.registry] 
New type domain.Kuota

[2020-05-10 16:43:04 #4 type.registry] 
New type java.util.Vector<domain.Kuota>

[2020-05-10 16:43:04 #5 type.registry] 
New type domain.Event

[2020-05-10 16:43:04 #6 type] 
Type domain.Kuota is not enhanced.

[2020-05-10 16:43:04 #7 type.registry] 
New type domain.Bet

[2020-05-10 16:43:04 #8 type.registry] 
New type java.util.Vector<domain.Bet>

[2020-05-10 16:43:04 #9 type] 
Type domain.Event is not enhanced.

[2020-05-10 16:43:04 #10 type.registry] 
New type java.util.Vector<domain.Question>

[2020-05-10 16:43:04 #11 type] 
Type domain.Bet is not enhanced.

[2020-05-10 16:43:04 #12 type.registry] 
New type domain.User

[2020-05-10 16:43:04 #13 type.registry] 
New type java.util.Vector<java.lang.Integer>

[2020-05-10 16:43:04 #14 type] 
Type domain.User is not enhanced.

[2020-05-10 16:43:04 #15 type.registry] 
New type java.util.Vector<domain.User>

[2020-05-10 16:43:04 #16 type.registry] 
New type domain.Mugimenduak

[2020-05-10 16:43:04 #17 type.registry] 
New type java.util.Vector<domain.Mugimenduak>

[2020-05-10 16:43:04 #18 type] 
Type domain.Mugimenduak is not enhanced.

[2020-05-10 16:43:04 #19 type.registry] 
New type java.util.Vector<java.lang.Object>

[2020-05-10 16:43:19 #20 type.registry] 
New type domain.Admins

[2020-05-10 16:43:19 #21 type] 
Type domain.Admins is not enhanced.

------------------------------------------------------------------------------------------------------------------------

[2020-05-10 16:43:49 #1 type.registry] 
New type domain.Question

[2020-05-10 16:43:49 #2 type] 
Type domain.Question is not enhanced.

[2020-05-10 16:43:49 #3 type.registry] 
New type domain.Kuota

[2020-05-10 16:43:49 #4 type.registry] 
New type java.util.Vector<domain.Kuota>

[2020-05-10 16:43:49 #5 type.registry] 
New type domain.Event

[2020-05-10 16:43:49 #6 type] 
Type domain.Kuota is not enhanced.

[2020-05-10 16:43:49 #7 type.registry] 
New type domain.Bet

[2020-05-10 16:43:49 #8 type.registry] 
New type java.util.Vector<domain.Bet>

[2020-05-10 16:43:49 #9 type] 
Type domain.Event is not enhanced.

[2020-05-10 16:43:49 #10 type.registry] 
New type java.util.Vector<domain.Question>

[2020-05-10 16:43:49 #11 type] 
Type domain.Bet is not enhanced.

[2020-05-10 16:43:49 #12 type.registry] 
New type domain.User

[2020-05-10 16:43:49 #13 type.registry] 
New type java.util.Vector<java.lang.Integer>

[2020-05-10 16:43:49 #14 type] 
Type domain.User is not enhanced.

[2020-05-10 16:43:49 #15 type.registry] 
New type java.util.Vector<domain.User>

[2020-05-10 16:43:49 #16 type.registry] 
New type domain.Mugimenduak

[2020-05-10 16:43:49 #17 type.registry] 
New type java.util.Vector<domain.Mugimenduak>

[2020-05-10 16:43:49 #18 type] 
Type domain.Mugimenduak is not enhanced.

[2020-05-10 16:43:49 #19 type.registry] 
New type java.util.Vector<java.lang.Object>

[2020-05-10 16:43:59 #20 type.registry] 
New type domain.Admins

[2020-05-10 16:43:59 #21 type] 
Type domain.Admins is not enhanced.

------------------------------------------------------------------------------------------------------------------------

[2020-05-10 16:49:43 #1 type.registry] 
New type domain.Question

[2020-05-10 16:49:43 #2 type] 
Type domain.Question is not enhanced.

[2020-05-10 16:49:43 #3 type.registry] 
New type domain.Kuota

[2020-05-10 16:49:43 #4 type.registry] 
New type java.util.Vector<domain.Kuota>

[2020-05-10 16:49:43 #5 type.registry] 
New type domain.Event

[2020-05-10 16:49:43 #6 type] 
Type domain.Kuota is not enhanced.

[2020-05-10 16:49:43 #7 type.registry] 
New type domain.Bet

[2020-05-10 16:49:43 #8 type.registry] 
New type java.util.Vector<domain.Bet>

[2020-05-10 16:49:43 #9 type] 
Type domain.Event is not enhanced.

[2020-05-10 16:49:43 #10 type.registry] 
New type java.util.Vector<domain.Question>

[2020-05-10 16:49:43 #11 type] 
Type domain.Bet is not enhanced.

[2020-05-10 16:49:43 #12 type.registry] 
New type domain.User

[2020-05-10 16:49:43 #13 type.registry] 
New type java.util.Vector<java.lang.Integer>

[2020-05-10 16:49:43 #14 type] 
Type domain.User is not enhanced.

[2020-05-10 16:49:43 #15 type.registry] 
New type java.util.Vector<domain.User>

[2020-05-10 16:49:43 #16 type.registry] 
New type domain.Mugimenduak

[2020-05-10 16:49:43 #17 type.registry] 
New type java.util.Vector<domain.Mugimenduak>

[2020-05-10 16:49:43 #18 type] 
Type domain.Mugimenduak is not enhanced.

[2020-05-10 16:49:43 #19 type.registry] 
New type java.util.Vector<java.lang.Object>

------------------------------------------------------------------------------------------------------------------------

[2020-05-10 19:42:19 #1 store] 
Database 'C:\Users\julen\Desktop\SI workspace\upv.if.bets\objectdb-2.6.9\db\src\main\resources\bets.temp' is opened by 17728@DESKTOP-MVONMQ6

[2020-05-10 19:42:19 #2 type] 
Type domain.Question is not enhanced.

[2020-05-10 19:42:19 #3 type] 
Type domain.Event is not enhanced.

[2020-05-10 19:42:19 #4 type] 
Type domain.User is not enhanced.

[2020-05-10 19:42:19 #5 type] 
Type domain.Kuota is not enhanced.

[2020-05-10 19:42:19 #6 type] 
Type domain.Admins is not enhanced.

[2020-05-10 19:42:19 #7 type] 
Type domain.Bet is not enhanced.

[2020-05-10 19:42:19 #8 type] 
Type domain.Mugimenduak is not enhanced.

------------------------------------------------------------------------------------------------------------------------

[2020-05-10 19:50:44 #1 store] 
Database 'C:\Users\julen\Desktop\SI workspace\upv.if.bets\objectdb-2.6.9\db\src\main\resources\bets.temp' has been recovered (tr. 10860-10860)

[2020-05-10 19:50:44 #2 store] 
Database 'C:\Users\julen\Desktop\SI workspace\upv.if.bets\objectdb-2.6.9\db\src\main\resources\bets.temp' is opened by 22824@DESKTOP-MVONMQ6

[2020-05-10 19:50:44 #3 type] 
Type domain.Question is not enhanced.

[2020-05-10 19:50:44 #4 type] 
Type domain.Event is not enhanced.

[2020-05-10 19:50:44 #5 type] 
Type domain.User is not enhanced.

[2020-05-10 19:50:44 #6 type] 
Type domain.Kuota is not enhanced.

[2020-05-10 19:50:44 #7 type] 
Type domain.Admins is not enhanced.

[2020-05-10 19:50:44 #8 type] 
Type domain.Bet is not enhanced.

[2020-05-10 19:50:44 #9 type] 
Type domain.Mugimenduak is not enhanced.

------------------------------------------------------------------------------------------------------------------------

[2020-05-10 20:03:48 #1 store] 
Database 'C:\Users\JosebaPC\Desktop\eclipse-workspace\upv.if.bets\src\main\resources\bets.temp' is opened by 6668@JOSEBAPC

[2020-05-10 20:03:48 #2 type] 
Type domain.Question is not enhanced.

[2020-05-10 20:03:48 #3 type] 
Type domain.Event is not enhanced.

[2020-05-10 20:03:48 #4 type] 
Type domain.User is not enhanced.

[2020-05-10 20:03:48 #5 type] 
Type domain.Kuota is not enhanced.

[2020-05-10 20:03:48 #6 type] 
Type domain.Admins is not enhanced.

[2020-05-10 20:03:48 #7 type] 
Type domain.Bet is not enhanced.

[2020-05-10 20:03:48 #8 type] 
Type domain.Mugimenduak is not enhanced.

