------------------------------------------------------------------------------------------------------------------------

[2020-03-25 17:37:01 #1 store] 
Database 'C:\Users\julen\Desktop\SI workspace\upv.if.bets\src\main\resources\bets.temp' is opened by 14084@DESKTOP-MVONMQ6

[2020-03-25 17:37:01 #2 type] 
Type domain.Question is not enhanced.

[2020-03-25 17:37:01 #3 type] 
Type domain.Event is not enhanced.

[2020-03-25 17:37:01 #4 type] 
Type domain.User is not enhanced.

[2020-03-25 17:37:01 #5 type] 
Type domain.Kuota is not enhanced.

[2020-03-25 17:37:01 #6 type] 
Type domain.Admins is not enhanced.

------------------------------------------------------------------------------------------------------------------------

[2020-03-25 17:42:30 #1 store] 
Database 'C:\Users\julen\Desktop\SI workspace\upv.if.bets\src\main\resources\bets.temp' is opened by 12848@DESKTOP-MVONMQ6

[2020-03-25 17:42:30 #2 type] 
Type domain.Question is not enhanced.

[2020-03-25 17:42:30 #3 type] 
Type domain.Event is not enhanced.

[2020-03-25 17:42:30 #4 type] 
Type domain.User is not enhanced.

[2020-03-25 17:42:30 #5 type] 
Type domain.Kuota is not enhanced.

[2020-03-25 17:42:30 #6 type] 
Type domain.Admins is not enhanced.

------------------------------------------------------------------------------------------------------------------------

[2020-03-25 18:13:07 #1 store] 
Database 'C:\Users\julen\Desktop\SI workspace\upv.if.bets\src\main\resources\bets.temp' is opened by 13420@DESKTOP-MVONMQ6

[2020-03-25 18:13:07 #2 type] 
Type domain.Question is not enhanced.

[2020-03-25 18:13:07 #3 type] 
Type domain.Event is not enhanced.

[2020-03-25 18:13:07 #4 type] 
Type domain.User is not enhanced.

[2020-03-25 18:13:07 #5 type] 
Type domain.Kuota is not enhanced.

[2020-03-25 18:13:07 #6 type] 
Type domain.Admins is not enhanced.

------------------------------------------------------------------------------------------------------------------------

[2020-03-25 18:19:26 #1 store] 
Database 'C:\Users\julen\Desktop\SI workspace\upv.if.bets\src\main\resources\bets.temp' has been recovered (tr. 1291-1291)

[2020-03-25 18:19:26 #2 store] 
Database 'C:\Users\julen\Desktop\SI workspace\upv.if.bets\src\main\resources\bets.temp' is opened by 16004@DESKTOP-MVONMQ6

[2020-03-25 18:19:26 #3 type] 
Type domain.Question is not enhanced.

[2020-03-25 18:19:26 #4 type] 
Type domain.Event is not enhanced.

[2020-03-25 18:19:26 #5 type] 
Type domain.User is not enhanced.

[2020-03-25 18:19:26 #6 type] 
Type domain.Kuota is not enhanced.

[2020-03-25 18:19:26 #7 type] 
Type domain.Admins is not enhanced.

------------------------------------------------------------------------------------------------------------------------

[2020-03-25 18:19:49 #1 store] 
Database 'C:\Users\julen\Desktop\SI workspace\upv.if.bets\src\main\resources\bets.temp' is opened by 9812@DESKTOP-MVONMQ6

[2020-03-25 18:19:49 #2 type] 
Type domain.Question is not enhanced.

[2020-03-25 18:19:49 #3 type] 
Type domain.Event is not enhanced.

[2020-03-25 18:19:49 #4 type] 
Type domain.User is not enhanced.

[2020-03-25 18:19:49 #5 type] 
Type domain.Kuota is not enhanced.

[2020-03-25 18:19:49 #6 type] 
Type domain.Admins is not enhanced.

------------------------------------------------------------------------------------------------------------------------

[2020-03-25 18:20:47 #1 store] 
Database 'C:\Users\julen\Desktop\SI workspace\upv.if.bets\src\main\resources\bets.temp' is opened by 10084@DESKTOP-MVONMQ6

[2020-03-25 18:20:47 #2 type] 
Type domain.Question is not enhanced.

[2020-03-25 18:20:47 #3 type] 
Type domain.Event is not enhanced.

[2020-03-25 18:20:47 #4 type] 
Type domain.User is not enhanced.

[2020-03-25 18:20:47 #5 type] 
Type domain.Kuota is not enhanced.

[2020-03-25 18:20:47 #6 type] 
Type domain.Admins is not enhanced.

------------------------------------------------------------------------------------------------------------------------

[2020-03-25 18:22:51 #1 store] 
Database 'C:\Users\julen\Desktop\SI workspace\upv.if.bets\src\main\resources\bets.temp' is opened by 15332@DESKTOP-MVONMQ6

[2020-03-25 18:22:51 #2 type] 
Type domain.Question is not enhanced.

[2020-03-25 18:22:51 #3 type] 
Type domain.Event is not enhanced.

[2020-03-25 18:22:51 #4 type] 
Type domain.User is not enhanced.

[2020-03-25 18:22:51 #5 type] 
Type domain.Kuota is not enhanced.

[2020-03-25 18:22:51 #6 type] 
Type domain.Admins is not enhanced.

------------------------------------------------------------------------------------------------------------------------

[2020-03-25 18:23:22 #1 store] 
Database 'C:\Users\julen\Desktop\SI workspace\upv.if.bets\src\main\resources\bets.temp' is opened by 9168@DESKTOP-MVONMQ6

[2020-03-25 18:23:22 #2 type] 
Type domain.Question is not enhanced.

[2020-03-25 18:23:22 #3 type] 
Type domain.Event is not enhanced.

[2020-03-25 18:23:22 #4 type] 
Type domain.User is not enhanced.

[2020-03-25 18:23:22 #5 type] 
Type domain.Kuota is not enhanced.

[2020-03-25 18:23:22 #6 type] 
Type domain.Admins is not enhanced.

------------------------------------------------------------------------------------------------------------------------

[2020-03-25 18:24:58 #1 store] 
Database 'C:\Users\julen\Desktop\SI workspace\upv.if.bets\src\main\resources\bets.temp' has been recovered (tr. 1293-1293)

[2020-03-25 18:24:58 #2 store] 
Database 'C:\Users\julen\Desktop\SI workspace\upv.if.bets\src\main\resources\bets.temp' is opened by 1964@DESKTOP-MVONMQ6

[2020-03-25 18:24:59 #3 type] 
Type domain.Question is not enhanced.

[2020-03-25 18:24:59 #4 type] 
Type domain.Event is not enhanced.

[2020-03-25 18:24:59 #5 type] 
Type domain.User is not enhanced.

[2020-03-25 18:24:59 #6 type] 
Type domain.Kuota is not enhanced.

[2020-03-25 18:24:59 #7 type] 
Type domain.Admins is not enhanced.

------------------------------------------------------------------------------------------------------------------------

[2020-03-25 18:27:26 #1 store] 
Database 'C:\Users\julen\Desktop\SI workspace\upv.if.bets\src\main\resources\bets.temp' is opened by 16836@DESKTOP-MVONMQ6

[2020-03-25 18:27:26 #2 type] 
Type domain.Question is not enhanced.

[2020-03-25 18:27:26 #3 type] 
Type domain.Event is not enhanced.

[2020-03-25 18:27:26 #4 type] 
Type domain.User is not enhanced.

[2020-03-25 18:27:26 #5 type] 
Type domain.Kuota is not enhanced.

[2020-03-25 18:27:26 #6 type] 
Type domain.Admins is not enhanced.

------------------------------------------------------------------------------------------------------------------------

[2020-03-25 18:29:40 #1 store] 
Database 'C:\Users\julen\Desktop\SI workspace\upv.if.bets\src\main\resources\bets.temp' is opened by 11772@DESKTOP-MVONMQ6

[2020-03-25 18:29:40 #2 type] 
Type domain.Question is not enhanced.

[2020-03-25 18:29:40 #3 type] 
Type domain.Event is not enhanced.

[2020-03-25 18:29:40 #4 type] 
Type domain.User is not enhanced.

[2020-03-25 18:29:40 #5 type] 
Type domain.Kuota is not enhanced.

[2020-03-25 18:29:40 #6 type] 
Type domain.Admins is not enhanced.

------------------------------------------------------------------------------------------------------------------------

[2020-03-25 18:31:21 #1 store] 
Database 'C:\Users\julen\Desktop\SI workspace\upv.if.bets\src\main\resources\bets.temp' is opened by 15536@DESKTOP-MVONMQ6

[2020-03-25 18:31:21 #2 type] 
Type domain.Question is not enhanced.

[2020-03-25 18:31:21 #3 type] 
Type domain.Event is not enhanced.

[2020-03-25 18:31:21 #4 type] 
Type domain.User is not enhanced.

[2020-03-25 18:31:21 #5 type] 
Type domain.Kuota is not enhanced.

[2020-03-25 18:31:21 #6 type] 
Type domain.Admins is not enhanced.

------------------------------------------------------------------------------------------------------------------------

[2020-03-25 18:33:03 #1 store] 
Database 'C:\Users\julen\Desktop\SI workspace\upv.if.bets\src\main\resources\bets.temp' is opened by 10016@DESKTOP-MVONMQ6

[2020-03-25 18:33:03 #2 type] 
Type domain.Question is not enhanced.

[2020-03-25 18:33:03 #3 type] 
Type domain.Event is not enhanced.

[2020-03-25 18:33:03 #4 type] 
Type domain.User is not enhanced.

[2020-03-25 18:33:03 #5 type] 
Type domain.Kuota is not enhanced.

[2020-03-25 18:33:03 #6 type] 
Type domain.Admins is not enhanced.

------------------------------------------------------------------------------------------------------------------------

[2020-03-25 18:34:21 #1 store] 
Database 'C:\Users\julen\Desktop\SI workspace\upv.if.bets\src\main\resources\bets.temp' is opened by 12572@DESKTOP-MVONMQ6

[2020-03-25 18:34:21 #2 type] 
Type domain.Question is not enhanced.

[2020-03-25 18:34:21 #3 type] 
Type domain.Event is not enhanced.

[2020-03-25 18:34:21 #4 type] 
Type domain.User is not enhanced.

[2020-03-25 18:34:21 #5 type] 
Type domain.Kuota is not enhanced.

[2020-03-25 18:34:21 #6 type] 
Type domain.Admins is not enhanced.

------------------------------------------------------------------------------------------------------------------------

[2020-03-25 18:34:22 #1 store] 
Database 'C:\Users\Jokin\Desktop\upv.if.bets\src\main\resources\bets.temp' is opened by 12712@DESKTOP-6GOVKO2

[2020-03-25 18:34:22 #2 type] 
Type domain.Question is not enhanced.

[2020-03-25 18:34:22 #3 type] 
Type domain.Event is not enhanced.

[2020-03-25 18:34:22 #4 type] 
Type domain.User is not enhanced.

[2020-03-25 18:34:22 #5 type] 
Type domain.Kuota is not enhanced.

[2020-03-25 18:34:22 #6 type] 
Type domain.Admins is not enhanced.

------------------------------------------------------------------------------------------------------------------------

[2020-03-25 18:38:45 #1 store] 
Database 'C:\Users\Jokin\Desktop\upv.if.bets\src\main\resources\bets.temp' is opened by 12824@DESKTOP-6GOVKO2

[2020-03-25 18:38:45 #2 type] 
Type domain.Question is not enhanced.

[2020-03-25 18:38:45 #3 type] 
Type domain.Event is not enhanced.

[2020-03-25 18:38:45 #4 type] 
Type domain.User is not enhanced.

[2020-03-25 18:38:45 #5 type] 
Type domain.Kuota is not enhanced.

[2020-03-25 18:38:45 #6 type] 
Type domain.Admins is not enhanced.

------------------------------------------------------------------------------------------------------------------------

[2020-03-25 18:47:28 #1 store] 
Database 'C:\Users\Jokin\Desktop\upv.if.bets\src\main\resources\bets.temp' is opened by 12120@DESKTOP-6GOVKO2

[2020-03-25 18:47:28 #2 type] 
Type domain.Question is not enhanced.

[2020-03-25 18:47:28 #3 type] 
Type domain.Event is not enhanced.

[2020-03-25 18:47:28 #4 type] 
Type domain.User is not enhanced.

[2020-03-25 18:47:28 #5 type] 
Type domain.Kuota is not enhanced.

[2020-03-25 18:47:28 #6 type] 
Type domain.Admins is not enhanced.

------------------------------------------------------------------------------------------------------------------------

[2020-03-25 18:49:19 #1 store] 
Database 'C:\Users\Jokin\Desktop\upv.if.bets\src\main\resources\bets.temp' is opened by 11556@DESKTOP-6GOVKO2

[2020-03-25 18:49:19 #2 type] 
Type domain.Question is not enhanced.

[2020-03-25 18:49:19 #3 type] 
Type domain.Event is not enhanced.

[2020-03-25 18:49:19 #4 type] 
Type domain.User is not enhanced.

[2020-03-25 18:49:19 #5 type] 
Type domain.Kuota is not enhanced.

[2020-03-25 18:49:19 #6 type] 
Type domain.Admins is not enhanced.

------------------------------------------------------------------------------------------------------------------------

[2020-03-25 19:04:20 #1 store] 
Database 'C:\Users\Jokin\Desktop\upv.if.bets\src\main\resources\bets.temp' is opened by 7088@DESKTOP-6GOVKO2

[2020-03-25 19:04:20 #2 type] 
Type domain.Question is not enhanced.

[2020-03-25 19:04:20 #3 type] 
Type domain.Event is not enhanced.

[2020-03-25 19:04:20 #4 type] 
Type domain.User is not enhanced.

[2020-03-25 19:04:20 #5 type] 
Type domain.Kuota is not enhanced.

[2020-03-25 19:04:20 #6 type.registry] 
New type domain.Bet

[2020-03-25 19:04:20 #7 type.registry] 
New type java.util.Vector<domain.Bet>

[2020-03-25 19:04:20 #8 type] 
Type domain.Admins is not enhanced.

[2020-03-25 19:04:20 #9 type] 
Type domain.Bet is not enhanced.

------------------------------------------------------------------------------------------------------------------------

[2020-03-25 19:11:05 #1 store] 
Database 'C:\Users\Jokin\Desktop\upv.if.bets\src\main\resources\bets.temp' has been recovered (tr. 1296-1296)

[2020-03-25 19:11:05 #2 store] 
Database 'C:\Users\Jokin\Desktop\upv.if.bets\src\main\resources\bets.temp' is opened by 12616@DESKTOP-6GOVKO2

[2020-03-25 19:11:05 #3 type] 
Type domain.Question is not enhanced.

[2020-03-25 19:11:05 #4 type] 
Type domain.Event is not enhanced.

[2020-03-25 19:11:05 #5 type] 
Type domain.User is not enhanced.

[2020-03-25 19:11:05 #6 type] 
Type domain.Kuota is not enhanced.

[2020-03-25 19:11:05 #7 type] 
Type domain.Admins is not enhanced.

[2020-03-25 19:11:05 #8 type] 
Type domain.Bet is not enhanced.

------------------------------------------------------------------------------------------------------------------------

[2020-03-25 19:12:04 #1 store] 
Database 'C:\Users\Jokin\Desktop\upv.if.bets\src\main\resources\bets.temp' is opened by 10888@DESKTOP-6GOVKO2

[2020-03-25 19:12:04 #2 type] 
Type domain.Question is not enhanced.

[2020-03-25 19:12:04 #3 type] 
Type domain.Event is not enhanced.

[2020-03-25 19:12:04 #4 type] 
Type domain.User is not enhanced.

[2020-03-25 19:12:04 #5 type] 
Type domain.Kuota is not enhanced.

[2020-03-25 19:12:04 #6 type] 
Type domain.Admins is not enhanced.

[2020-03-25 19:12:04 #7 type] 
Type domain.Bet is not enhanced.

------------------------------------------------------------------------------------------------------------------------

[2020-03-25 19:18:15 #1 store] 
Database 'C:\Users\Jokin\Desktop\upv.if.bets\src\main\resources\bets.temp' is opened by 5488@DESKTOP-6GOVKO2

[2020-03-25 19:18:15 #2 type] 
Type domain.Question is not enhanced.

[2020-03-25 19:18:15 #3 type] 
Type domain.Event is not enhanced.

[2020-03-25 19:18:15 #4 type] 
Type domain.User is not enhanced.

[2020-03-25 19:18:15 #5 type] 
Type domain.Kuota is not enhanced.

[2020-03-25 19:18:15 #6 type] 
Type domain.Admins is not enhanced.

[2020-03-25 19:18:15 #7 type] 
Type domain.Bet is not enhanced.

------------------------------------------------------------------------------------------------------------------------

[2020-03-25 19:19:26 #1 store] 
Database 'C:\Users\Jokin\Desktop\upv.if.bets\src\main\resources\bets.temp' is opened by 1408@DESKTOP-6GOVKO2

[2020-03-25 19:19:26 #2 type] 
Type domain.Question is not enhanced.

[2020-03-25 19:19:26 #3 type] 
Type domain.Event is not enhanced.

[2020-03-25 19:19:26 #4 type] 
Type domain.User is not enhanced.

[2020-03-25 19:19:26 #5 type] 
Type domain.Kuota is not enhanced.

[2020-03-25 19:19:26 #6 type] 
Type domain.Admins is not enhanced.

[2020-03-25 19:19:26 #7 type] 
Type domain.Bet is not enhanced.

------------------------------------------------------------------------------------------------------------------------

[2020-03-25 19:23:55 #1 store] 
Database 'C:\Users\Jokin\Desktop\upv.if.bets\src\main\resources\bets.temp' is opened by 9784@DESKTOP-6GOVKO2

[2020-03-25 19:23:55 #2 type] 
Type domain.Question is not enhanced.

[2020-03-25 19:23:55 #3 type] 
Type domain.Event is not enhanced.

[2020-03-25 19:23:55 #4 type] 
Type domain.User is not enhanced.

[2020-03-25 19:23:55 #5 type] 
Type domain.Kuota is not enhanced.

[2020-03-25 19:23:55 #6 type] 
Type domain.Admins is not enhanced.

[2020-03-25 19:23:55 #7 type] 
Type domain.Bet is not enhanced.

------------------------------------------------------------------------------------------------------------------------

[2020-03-25 19:26:28 #1 store] 
Database 'C:\Users\Jokin\Desktop\upv.if.bets\src\main\resources\bets.temp' is opened by 8772@DESKTOP-6GOVKO2

[2020-03-25 19:26:28 #2 type] 
Type domain.Question is not enhanced.

[2020-03-25 19:26:28 #3 type] 
Type domain.Event is not enhanced.

[2020-03-25 19:26:28 #4 type] 
Type domain.User is not enhanced.

[2020-03-25 19:26:28 #5 type] 
Type domain.Kuota is not enhanced.

[2020-03-25 19:26:28 #6 type] 
Type domain.Admins is not enhanced.

[2020-03-25 19:26:28 #7 type] 
Type domain.Bet is not enhanced.

------------------------------------------------------------------------------------------------------------------------

[2020-03-25 19:36:57 #1 store] 
Database 'C:\Users\Jokin\Desktop\upv.if.bets\src\main\resources\bets.temp' is opened by 8744@DESKTOP-6GOVKO2

[2020-03-25 19:36:57 #2 type] 
Type domain.Question is not enhanced.

[2020-03-25 19:36:57 #3 type] 
Type domain.Event is not enhanced.

[2020-03-25 19:36:57 #4 type] 
Type domain.User is not enhanced.

[2020-03-25 19:36:57 #5 type] 
Type domain.Kuota is not enhanced.

[2020-03-25 19:36:57 #6 type] 
Type domain.Admins is not enhanced.

[2020-03-25 19:36:57 #7 type] 
Type domain.Bet is not enhanced.

------------------------------------------------------------------------------------------------------------------------

[2020-03-25 19:38:13 #1 store] 
Database 'C:\Users\Jokin\Desktop\upv.if.bets\src\main\resources\bets.temp' is opened by 12148@DESKTOP-6GOVKO2

[2020-03-25 19:38:14 #2 type] 
Type domain.Question is not enhanced.

[2020-03-25 19:38:14 #3 type] 
Type domain.Event is not enhanced.

[2020-03-25 19:38:14 #4 type] 
Type domain.User is not enhanced.

[2020-03-25 19:38:14 #5 type] 
Type domain.Kuota is not enhanced.

[2020-03-25 19:38:14 #6 type] 
Type domain.Admins is not enhanced.

[2020-03-25 19:38:14 #7 type] 
Type domain.Bet is not enhanced.

------------------------------------------------------------------------------------------------------------------------

[2020-03-25 19:39:56 #1 store] 
Database 'C:\Users\Jokin\Desktop\upv.if.bets\src\main\resources\bets.temp' is opened by 9948@DESKTOP-6GOVKO2

[2020-03-25 19:39:56 #2 type] 
Type domain.Question is not enhanced.

[2020-03-25 19:39:56 #3 type] 
Type domain.Event is not enhanced.

[2020-03-25 19:39:56 #4 type] 
Type domain.User is not enhanced.

[2020-03-25 19:39:56 #5 type] 
Type domain.Kuota is not enhanced.

[2020-03-25 19:39:56 #6 type] 
Type domain.Admins is not enhanced.

[2020-03-25 19:39:56 #7 type] 
Type domain.Bet is not enhanced.

------------------------------------------------------------------------------------------------------------------------

[2020-03-25 19:48:27 #1 store] 
Database 'C:\Users\Jokin\Desktop\upv.if.bets\src\main\resources\bets.temp' is opened by 6996@DESKTOP-6GOVKO2

[2020-03-25 19:48:27 #2 type] 
Type domain.Question is not enhanced.

[2020-03-25 19:48:27 #3 type] 
Type domain.Event is not enhanced.

[2020-03-25 19:48:27 #4 type] 
Type domain.User is not enhanced.

[2020-03-25 19:48:27 #5 type] 
Type domain.Kuota is not enhanced.

[2020-03-25 19:48:27 #6 type] 
Type domain.Admins is not enhanced.

[2020-03-25 19:48:27 #7 type] 
Type domain.Bet is not enhanced.

------------------------------------------------------------------------------------------------------------------------

[2020-03-25 19:52:44 #1 store] 
Database 'C:\Users\Jokin\Desktop\upv.if.bets\src\main\resources\bets.temp' is opened by 13172@DESKTOP-6GOVKO2

[2020-03-25 19:52:44 #2 type] 
Type domain.Question is not enhanced.

[2020-03-25 19:52:44 #3 type] 
Type domain.Event is not enhanced.

[2020-03-25 19:52:44 #4 type] 
Type domain.User is not enhanced.

[2020-03-25 19:52:44 #5 type] 
Type domain.Kuota is not enhanced.

[2020-03-25 19:52:44 #6 type] 
Type domain.Admins is not enhanced.

[2020-03-25 19:52:44 #7 type] 
Type domain.Bet is not enhanced.

------------------------------------------------------------------------------------------------------------------------

[2020-03-25 20:46:50 #1 store] 
Database 'C:\Users\Jokin\Desktop\upv.if.bets\src\main\resources\bets.temp' is opened by 1644@DESKTOP-6GOVKO2

[2020-03-25 20:46:50 #2 type] 
Type domain.Question is not enhanced.

[2020-03-25 20:46:50 #3 type] 
Type domain.Event is not enhanced.

[2020-03-25 20:46:50 #4 type] 
Type domain.User is not enhanced.

[2020-03-25 20:46:50 #5 type] 
Type domain.Kuota is not enhanced.

[2020-03-25 20:46:50 #6 type] 
Type domain.Admins is not enhanced.

[2020-03-25 20:46:50 #7 type] 
Type domain.Bet is not enhanced.

------------------------------------------------------------------------------------------------------------------------

[2020-03-25 20:48:32 #1 store] 
Database 'C:\Users\Jokin\Desktop\upv.if.bets\src\main\resources\bets.temp' is opened by 2396@DESKTOP-6GOVKO2

[2020-03-25 20:48:32 #2 type] 
Type domain.Question is not enhanced.

[2020-03-25 20:48:32 #3 type] 
Type domain.Event is not enhanced.

[2020-03-25 20:48:32 #4 type] 
Type domain.User is not enhanced.

[2020-03-25 20:48:32 #5 type] 
Type domain.Kuota is not enhanced.

[2020-03-25 20:48:32 #6 type] 
Type domain.Admins is not enhanced.

[2020-03-25 20:48:32 #7 type] 
Type domain.Bet is not enhanced.

------------------------------------------------------------------------------------------------------------------------

[2020-03-25 20:50:41 #1 store] 
Database 'C:\Users\Jokin\Desktop\upv.if.bets\src\main\resources\bets.temp' is opened by 7268@DESKTOP-6GOVKO2

[2020-03-25 20:50:41 #2 type] 
Type domain.Question is not enhanced.

[2020-03-25 20:50:41 #3 type] 
Type domain.Event is not enhanced.

[2020-03-25 20:50:41 #4 type] 
Type domain.User is not enhanced.

[2020-03-25 20:50:41 #5 type] 
Type domain.Kuota is not enhanced.

[2020-03-25 20:50:41 #6 type] 
Type domain.Admins is not enhanced.

[2020-03-25 20:50:41 #7 type] 
Type domain.Bet is not enhanced.

------------------------------------------------------------------------------------------------------------------------

[2020-03-25 20:57:10 #1 store] 
Database 'C:\Users\Jokin\Desktop\upv.if.bets\src\main\resources\bets.temp' is opened by 3616@DESKTOP-6GOVKO2

[2020-03-25 20:57:11 #2 type] 
Type domain.Question is not enhanced.

[2020-03-25 20:57:11 #3 type] 
Type domain.Event is not enhanced.

[2020-03-25 20:57:11 #4 type] 
Type domain.User is not enhanced.

[2020-03-25 20:57:11 #5 type] 
Type domain.Kuota is not enhanced.

[2020-03-25 20:57:11 #6 type] 
Type domain.Admins is not enhanced.

[2020-03-25 20:57:11 #7 type] 
Type domain.Bet is not enhanced.

------------------------------------------------------------------------------------------------------------------------

[2020-03-25 20:59:10 #1 store] 
Database 'C:\Users\Jokin\Desktop\upv.if.bets\src\main\resources\bets.temp' is opened by 11444@DESKTOP-6GOVKO2

[2020-03-25 20:59:10 #2 type] 
Type domain.Question is not enhanced.

[2020-03-25 20:59:10 #3 type] 
Type domain.Event is not enhanced.

[2020-03-25 20:59:10 #4 type] 
Type domain.User is not enhanced.

[2020-03-25 20:59:10 #5 type] 
Type domain.Kuota is not enhanced.

[2020-03-25 20:59:10 #6 type] 
Type domain.Admins is not enhanced.

[2020-03-25 20:59:10 #7 type] 
Type domain.Bet is not enhanced.

------------------------------------------------------------------------------------------------------------------------

[2020-03-25 21:04:05 #1 store] 
Database 'C:\Users\Jokin\Desktop\upv.if.bets\src\main\resources\bets.temp' is opened by 6920@DESKTOP-6GOVKO2

[2020-03-25 21:04:05 #2 type] 
Type domain.Question is not enhanced.

[2020-03-25 21:04:05 #3 type] 
Type domain.Event is not enhanced.

[2020-03-25 21:04:05 #4 type] 
Type domain.User is not enhanced.

[2020-03-25 21:04:05 #5 type] 
Type domain.Kuota is not enhanced.

[2020-03-25 21:04:05 #6 type] 
Type domain.Admins is not enhanced.

[2020-03-25 21:04:05 #7 type] 
Type domain.Bet is not enhanced.

------------------------------------------------------------------------------------------------------------------------

[2020-03-25 21:19:44 #1 store] 
Database 'C:\Users\Jokin\Desktop\upv.if.bets\src\main\resources\bets.temp' is opened by 11132@DESKTOP-6GOVKO2

[2020-03-25 21:19:44 #2 type] 
Type domain.Question is not enhanced.

[2020-03-25 21:19:44 #3 type] 
Type domain.Event is not enhanced.

[2020-03-25 21:19:44 #4 type] 
Type domain.User is not enhanced.

[2020-03-25 21:19:44 #5 type] 
Type domain.Kuota is not enhanced.

[2020-03-25 21:19:44 #6 type] 
Type domain.Admins is not enhanced.

[2020-03-25 21:19:44 #7 type] 
Type domain.Bet is not enhanced.

------------------------------------------------------------------------------------------------------------------------

[2020-03-25 21:32:13 #1 store] 
Database 'C:\Users\Jokin\Desktop\upv.if.bets\src\main\resources\bets.temp' is opened by 536@DESKTOP-6GOVKO2

[2020-03-25 21:32:14 #2 type] 
Type domain.Question is not enhanced.

[2020-03-25 21:32:14 #3 type] 
Type domain.Event is not enhanced.

[2020-03-25 21:32:14 #4 type] 
Type domain.User is not enhanced.

[2020-03-25 21:32:14 #5 type] 
Type domain.Kuota is not enhanced.

[2020-03-25 21:32:14 #6 type] 
Type domain.Admins is not enhanced.

[2020-03-25 21:32:14 #7 type] 
Type domain.Bet is not enhanced.

------------------------------------------------------------------------------------------------------------------------

[2020-03-25 21:38:04 #1 store] 
Database 'C:\Users\Jokin\Desktop\upv.if.bets\src\main\resources\bets.temp' is opened by 9556@DESKTOP-6GOVKO2

[2020-03-25 21:38:04 #2 type] 
Type domain.Question is not enhanced.

[2020-03-25 21:38:04 #3 type] 
Type domain.Event is not enhanced.

[2020-03-25 21:38:04 #4 type] 
Type domain.User is not enhanced.

[2020-03-25 21:38:04 #5 type] 
Type domain.Kuota is not enhanced.

[2020-03-25 21:38:04 #6 type] 
Type domain.Admins is not enhanced.

[2020-03-25 21:38:04 #7 type] 
Type domain.Bet is not enhanced.

------------------------------------------------------------------------------------------------------------------------

[2020-03-25 21:53:37 #1 store] 
Database 'C:\Users\Jokin\Desktop\upv.if.bets\src\main\resources\bets.temp' is opened by 2900@DESKTOP-6GOVKO2

[2020-03-25 21:53:37 #2 type] 
Type domain.Question is not enhanced.

[2020-03-25 21:53:37 #3 type] 
Type domain.Event is not enhanced.

[2020-03-25 21:53:37 #4 type] 
Type domain.User is not enhanced.

[2020-03-25 21:53:37 #5 type] 
Type domain.Kuota is not enhanced.

[2020-03-25 21:53:37 #6 type] 
Type domain.Admins is not enhanced.

[2020-03-25 21:53:37 #7 type] 
Type domain.Bet is not enhanced.

------------------------------------------------------------------------------------------------------------------------

[2020-03-25 22:19:28 #1 store] 
Database 'C:\Users\Jokin\Desktop\upv.if.bets\src\main\resources\bets.temp' is opened by 5628@DESKTOP-6GOVKO2

[2020-03-25 22:19:28 #2 type] 
Type domain.Question is not enhanced.

[2020-03-25 22:19:28 #3 type] 
Type domain.Event is not enhanced.

[2020-03-25 22:19:28 #4 type] 
Type domain.User is not enhanced.

[2020-03-25 22:19:28 #5 type] 
Type domain.Kuota is not enhanced.

[2020-03-25 22:19:28 #6 type] 
Type domain.Admins is not enhanced.

[2020-03-25 22:19:28 #7 type] 
Type domain.Bet is not enhanced.

------------------------------------------------------------------------------------------------------------------------

[2020-03-25 22:20:35 #1 store] 
Database 'C:\Users\Jokin\Desktop\upv.if.bets\src\main\resources\bets.temp' has been recovered (tr. 1300-1300)

[2020-03-25 22:20:35 #2 store] 
Database 'C:\Users\Jokin\Desktop\upv.if.bets\src\main\resources\bets.temp' is opened by 11444@DESKTOP-6GOVKO2

[2020-03-25 22:20:35 #3 type] 
Type domain.Question is not enhanced.

[2020-03-25 22:20:35 #4 type] 
Type domain.Event is not enhanced.

[2020-03-25 22:20:35 #5 type] 
Type domain.User is not enhanced.

[2020-03-25 22:20:35 #6 type] 
Type domain.Kuota is not enhanced.

[2020-03-25 22:20:35 #7 type] 
Type domain.Admins is not enhanced.

[2020-03-25 22:20:35 #8 type] 
Type domain.Bet is not enhanced.

------------------------------------------------------------------------------------------------------------------------

[2020-03-25 22:22:37 #1 store] 
Database 'C:\Users\Jokin\Desktop\upv.if.bets\src\main\resources\bets.temp' is opened by 9096@DESKTOP-6GOVKO2

[2020-03-25 22:22:37 #2 type] 
Type domain.Question is not enhanced.

[2020-03-25 22:22:37 #3 type] 
Type domain.Event is not enhanced.

[2020-03-25 22:22:37 #4 type] 
Type domain.User is not enhanced.

[2020-03-25 22:22:37 #5 type] 
Type domain.Kuota is not enhanced.

[2020-03-25 22:22:37 #6 type] 
Type domain.Admins is not enhanced.

[2020-03-25 22:22:37 #7 type] 
Type domain.Bet is not enhanced.

------------------------------------------------------------------------------------------------------------------------

[2020-03-25 22:27:56 #1 store] 
Database 'C:\Users\Jokin\Desktop\upv.if.bets\src\main\resources\bets.temp' is opened by 4988@DESKTOP-6GOVKO2

[2020-03-25 22:27:56 #2 type] 
Type domain.Question is not enhanced.

[2020-03-25 22:27:56 #3 type] 
Type domain.Event is not enhanced.

[2020-03-25 22:27:56 #4 type] 
Type domain.User is not enhanced.

[2020-03-25 22:27:56 #5 type] 
Type domain.Kuota is not enhanced.

[2020-03-25 22:27:56 #6 type] 
Type domain.Admins is not enhanced.

[2020-03-25 22:27:56 #7 type] 
Type domain.Bet is not enhanced.

------------------------------------------------------------------------------------------------------------------------

[2020-03-25 22:31:18 #1 store] 
Database 'C:\Users\Jokin\Desktop\upv.if.bets\src\main\resources\bets.temp' is opened by 1844@DESKTOP-6GOVKO2

[2020-03-25 22:31:18 #2 type] 
Type domain.Question is not enhanced.

[2020-03-25 22:31:18 #3 type] 
Type domain.Event is not enhanced.

[2020-03-25 22:31:18 #4 type] 
Type domain.User is not enhanced.

[2020-03-25 22:31:18 #5 type] 
Type domain.Kuota is not enhanced.

[2020-03-25 22:31:18 #6 type] 
Type domain.Admins is not enhanced.

[2020-03-25 22:31:18 #7 type] 
Type domain.Bet is not enhanced.

------------------------------------------------------------------------------------------------------------------------

[2020-03-25 22:34:26 #1 store] 
Database 'C:\Users\Jokin\Desktop\upv.if.bets\src\main\resources\bets.temp' is opened by 4260@DESKTOP-6GOVKO2

[2020-03-25 22:34:26 #2 type] 
Type domain.Question is not enhanced.

[2020-03-25 22:34:26 #3 type] 
Type domain.Event is not enhanced.

[2020-03-25 22:34:26 #4 type] 
Type domain.User is not enhanced.

[2020-03-25 22:34:26 #5 type] 
Type domain.Kuota is not enhanced.

[2020-03-25 22:34:26 #6 type] 
Type domain.Admins is not enhanced.

[2020-03-25 22:34:26 #7 type] 
Type domain.Bet is not enhanced.

------------------------------------------------------------------------------------------------------------------------

[2020-03-25 22:43:32 #1 store] 
Database 'C:\Users\Jokin\Desktop\upv.if.bets\src\main\resources\bets.temp' is opened by 1332@DESKTOP-6GOVKO2

[2020-03-25 22:43:32 #2 type] 
Type domain.Question is not enhanced.

[2020-03-25 22:43:32 #3 type] 
Type domain.Event is not enhanced.

[2020-03-25 22:43:32 #4 type] 
Type domain.User is not enhanced.

[2020-03-25 22:43:32 #5 type] 
Type domain.Kuota is not enhanced.

[2020-03-25 22:43:32 #6 type] 
Type domain.Admins is not enhanced.

[2020-03-25 22:43:32 #7 type] 
Type domain.Bet is not enhanced.

------------------------------------------------------------------------------------------------------------------------

[2020-03-25 22:44:26 #1 store] 
Database 'C:\Users\Jokin\Desktop\upv.if.bets\src\main\resources\bets.temp' is opened by 2800@DESKTOP-6GOVKO2

[2020-03-25 22:44:26 #2 type] 
Type domain.Question is not enhanced.

[2020-03-25 22:44:26 #3 type] 
Type domain.Event is not enhanced.

[2020-03-25 22:44:26 #4 type] 
Type domain.User is not enhanced.

[2020-03-25 22:44:26 #5 type] 
Type domain.Kuota is not enhanced.

[2020-03-25 22:44:26 #6 type] 
Type domain.Admins is not enhanced.

[2020-03-25 22:44:26 #7 type] 
Type domain.Bet is not enhanced.

------------------------------------------------------------------------------------------------------------------------

[2020-03-25 22:51:58 #1 store] 
Database 'C:\Users\Jokin\Desktop\upv.if.bets\src\main\resources\bets.temp' is opened by 1672@DESKTOP-6GOVKO2

[2020-03-25 22:51:58 #2 type] 
Type domain.Question is not enhanced.

[2020-03-25 22:51:58 #3 type] 
Type domain.Event is not enhanced.

[2020-03-25 22:51:58 #4 type] 
Type domain.User is not enhanced.

[2020-03-25 22:51:58 #5 type] 
Type domain.Kuota is not enhanced.

[2020-03-25 22:51:58 #6 type] 
Type domain.Admins is not enhanced.

[2020-03-25 22:51:58 #7 type] 
Type domain.Bet is not enhanced.

------------------------------------------------------------------------------------------------------------------------

[2020-03-25 22:56:00 #1 store] 
Database 'C:\Users\Jokin\Desktop\upv.if.bets\src\main\resources\bets.temp' is opened by 9268@DESKTOP-6GOVKO2

[2020-03-25 22:56:00 #2 type] 
Type domain.Question is not enhanced.

[2020-03-25 22:56:00 #3 type] 
Type domain.Event is not enhanced.

[2020-03-25 22:56:00 #4 type] 
Type domain.User is not enhanced.

[2020-03-25 22:56:00 #5 type] 
Type domain.Kuota is not enhanced.

[2020-03-25 22:56:00 #6 type] 
Type domain.Admins is not enhanced.

[2020-03-25 22:56:00 #7 type] 
Type domain.Bet is not enhanced.

------------------------------------------------------------------------------------------------------------------------

[2020-03-25 23:00:54 #1 store] 
Database 'C:\Users\Jokin\Desktop\upv.if.bets\src\main\resources\bets.temp' is opened by 128@DESKTOP-6GOVKO2

[2020-03-25 23:00:54 #2 type] 
Type domain.Question is not enhanced.

[2020-03-25 23:00:54 #3 type] 
Type domain.Event is not enhanced.

[2020-03-25 23:00:54 #4 type] 
Type domain.User is not enhanced.

------------------------------------------------------------------------------------------------------------------------

[2020-03-25 23:01:27 #1 store] 
Database 'C:\Users\Jokin\Desktop\upv.if.bets\src\main\resources\bets.temp' is opened by 13096@DESKTOP-6GOVKO2

[2020-03-25 23:01:27 #2 type] 
Type domain.Question is not enhanced.

[2020-03-25 23:01:27 #3 type] 
Type domain.Event is not enhanced.

[2020-03-25 23:01:27 #4 type] 
Type domain.User is not enhanced.

------------------------------------------------------------------------------------------------------------------------

[2020-03-25 23:03:34 #1 store] 
Database 'C:\Users\Jokin\Desktop\upv.if.bets\src\main\resources\bets.temp' is opened by 4124@DESKTOP-6GOVKO2

[2020-03-25 23:03:34 #2 type] 
Type domain.Question is not enhanced.

[2020-03-25 23:03:34 #3 type] 
Type domain.Event is not enhanced.

[2020-03-25 23:03:34 #4 type] 
Type domain.User is not enhanced.

[2020-03-25 23:03:34 #5 type] 
Type domain.Kuota is not enhanced.

[2020-03-25 23:03:34 #6 type] 
Type domain.Admins is not enhanced.

[2020-03-25 23:03:34 #7 type] 
Type domain.Bet is not enhanced.

------------------------------------------------------------------------------------------------------------------------

[2020-03-25 23:04:27 #1 store] 
Database 'C:\Users\Jokin\Desktop\upv.if.bets\src\main\resources\bets.temp' is opened by 7916@DESKTOP-6GOVKO2

[2020-03-25 23:04:27 #2 type] 
Type domain.Question is not enhanced.

[2020-03-25 23:04:27 #3 type] 
Type domain.Event is not enhanced.

[2020-03-25 23:04:27 #4 type] 
Type domain.User is not enhanced.

------------------------------------------------------------------------------------------------------------------------

[2020-03-25 23:04:53 #1 store] 
Database 'C:\Users\Jokin\Desktop\upv.if.bets\src\main\resources\bets.temp' is opened by 8400@DESKTOP-6GOVKO2

[2020-03-25 23:04:53 #2 type] 
Type domain.Question is not enhanced.

[2020-03-25 23:04:53 #3 type] 
Type domain.Event is not enhanced.

[2020-03-25 23:04:53 #4 type] 
Type domain.User is not enhanced.

[2020-03-25 23:04:53 #5 type] 
Type domain.Kuota is not enhanced.

[2020-03-25 23:04:53 #6 type] 
Type domain.Admins is not enhanced.

[2020-03-25 23:04:53 #7 type] 
Type domain.Bet is not enhanced.

------------------------------------------------------------------------------------------------------------------------

[2020-03-25 23:09:21 #1 store] 
Database 'C:\Users\Jokin\Desktop\upv.if.bets\src\main\resources\bets.temp' is opened by 2680@DESKTOP-6GOVKO2

[2020-03-25 23:09:21 #2 type] 
Type domain.Question is not enhanced.

[2020-03-25 23:09:21 #3 type] 
Type domain.Event is not enhanced.

[2020-03-25 23:09:21 #4 type] 
Type domain.User is not enhanced.

[2020-03-25 23:09:21 #5 type] 
Type domain.Kuota is not enhanced.

[2020-03-25 23:09:21 #6 type] 
Type domain.Admins is not enhanced.

[2020-03-25 23:09:21 #7 type] 
Type domain.Bet is not enhanced.

------------------------------------------------------------------------------------------------------------------------

[2020-03-25 23:16:36 #1 store] 
Database 'C:\Users\Jokin\Desktop\upv.if.bets\src\main\resources\bets.temp' is opened by 10968@DESKTOP-6GOVKO2

[2020-03-25 23:16:36 #2 type] 
Type domain.Question is not enhanced.

[2020-03-25 23:16:36 #3 type] 
Type domain.Event is not enhanced.

[2020-03-25 23:16:36 #4 type] 
Type domain.User is not enhanced.

[2020-03-25 23:16:36 #5 type] 
Type domain.Kuota is not enhanced.

[2020-03-25 23:16:36 #6 type] 
Type domain.Admins is not enhanced.

[2020-03-25 23:16:36 #7 type] 
Type domain.Bet is not enhanced.

------------------------------------------------------------------------------------------------------------------------

[2020-03-25 23:18:15 #1 store] 
Database 'C:\Users\Jokin\Desktop\upv.if.bets\src\main\resources\bets.temp' has been recovered (tr. 1308-1308)

[2020-03-25 23:18:15 #2 store] 
Database 'C:\Users\Jokin\Desktop\upv.if.bets\src\main\resources\bets.temp' is opened by 12664@DESKTOP-6GOVKO2

[2020-03-25 23:18:15 #3 type] 
Type domain.Question is not enhanced.

[2020-03-25 23:18:15 #4 type] 
Type domain.Event is not enhanced.

[2020-03-25 23:18:15 #5 type] 
Type domain.User is not enhanced.

[2020-03-25 23:18:15 #6 type] 
Type domain.Kuota is not enhanced.

[2020-03-25 23:18:15 #7 type] 
Type domain.Admins is not enhanced.

[2020-03-25 23:18:15 #8 type] 
Type domain.Bet is not enhanced.

------------------------------------------------------------------------------------------------------------------------

[2020-03-25 23:22:25 #1 store] 
Database 'C:\Users\Jokin\Desktop\upv.if.bets\src\main\resources\bets.temp' is opened by 5792@DESKTOP-6GOVKO2

[2020-03-25 23:22:25 #2 type] 
Type domain.Question is not enhanced.

[2020-03-25 23:22:25 #3 type] 
Type domain.Event is not enhanced.

[2020-03-25 23:22:25 #4 type] 
Type domain.User is not enhanced.

[2020-03-25 23:22:25 #5 type] 
Type domain.Kuota is not enhanced.

[2020-03-25 23:22:25 #6 type] 
Type domain.Admins is not enhanced.

[2020-03-25 23:22:25 #7 type] 
Type domain.Bet is not enhanced.

